0 info it worked if it ends with ok
1 verbose cli [ '/usr/local/bin/node', '/usr/local/bin/npm', 'install' ]
2 info using npm@3.9.6
3 info using node@v5.9.1
4 silly loadCurrentTree Starting
5 silly install loadCurrentTree
6 silly install readLocalPackageData
7 silly install normalizeTree
8 silly loadCurrentTree Finishing
9 silly loadIdealTree Starting
10 silly install loadIdealTree
11 silly cloneCurrentTree Starting
12 silly install cloneCurrentTreeToIdealTree
13 silly cloneCurrentTree Finishing
14 silly loadShrinkwrap Starting
15 silly install loadShrinkwrap
16 silly loadShrinkwrap Finishing
17 silly loadAllDepsIntoIdealTree Starting
18 silly install loadAllDepsIntoIdealTree
19 silly loadAllDepsIntoIdealTree Finishing
20 silly idealTree:prePrune angular2-quickstart@1.0.0
20 silly idealTree:prePrune ├── @angular/common@2.0.0-rc.4
20 silly idealTree:prePrune ├── @angular/compiler@2.0.0-rc.4
20 silly idealTree:prePrune ├── @angular/core@2.0.0-rc.4
20 silly idealTree:prePrune ├── @angular/forms@0.2.0
20 silly idealTree:prePrune ├── @angular/http@2.0.0-rc.4
20 silly idealTree:prePrune ├── @angular/platform-browser-dynamic@2.0.0-rc.4
20 silly idealTree:prePrune ├── @angular/platform-browser@2.0.0-rc.4
20 silly idealTree:prePrune ├── @angular/router-deprecated@2.0.0-rc.2
20 silly idealTree:prePrune ├── @angular/router@3.0.0-beta.1
20 silly idealTree:prePrune ├── @angular/upgrade@2.0.0-rc.4
20 silly idealTree:prePrune ├── abbrev@1.0.9
20 silly idealTree:prePrune ├── accepts@1.2.13
20 silly idealTree:prePrune ├── after@0.8.1
20 silly idealTree:prePrune ├─┬ agent-base@2.0.1
20 silly idealTree:prePrune │ └── semver@5.0.3
20 silly idealTree:prePrune ├── angular2-in-memory-web-api@0.0.14
20 silly idealTree:prePrune ├── ansi-align@1.1.0
20 silly idealTree:prePrune ├── ansi-regex@0.2.1
20 silly idealTree:prePrune ├── ansi-styles@1.1.0
20 silly idealTree:prePrune ├── any-promise@1.3.0
20 silly idealTree:prePrune ├── anymatch@1.3.0
20 silly idealTree:prePrune ├── archy@1.0.0
20 silly idealTree:prePrune ├── arr-diff@2.0.0
20 silly idealTree:prePrune ├── arr-flatten@1.0.1
20 silly idealTree:prePrune ├── array-uniq@1.0.3
20 silly idealTree:prePrune ├── array-unique@0.2.1
20 silly idealTree:prePrune ├── arraybuffer.slice@0.0.6
20 silly idealTree:prePrune ├── arrify@1.0.1
20 silly idealTree:prePrune ├── asn1@0.1.11
20 silly idealTree:prePrune ├── assert-plus@0.1.5
20 silly idealTree:prePrune ├── async-each-series@0.1.1
20 silly idealTree:prePrune ├── async-each@1.0.0
20 silly idealTree:prePrune ├── async@1.5.2
20 silly idealTree:prePrune ├── aws-sign2@0.6.0
20 silly idealTree:prePrune ├── backo2@1.0.2
20 silly idealTree:prePrune ├── balanced-match@0.4.2
20 silly idealTree:prePrune ├── base64-arraybuffer@0.1.2
20 silly idealTree:prePrune ├── base64id@0.1.0
20 silly idealTree:prePrune ├── batch@0.5.3
20 silly idealTree:prePrune ├── benchmark@1.0.0
20 silly idealTree:prePrune ├── better-assert@1.0.2
20 silly idealTree:prePrune ├── binary-extensions@1.5.0
20 silly idealTree:prePrune ├─┬ bl@1.0.3
20 silly idealTree:prePrune │ └── readable-stream@2.0.6
20 silly idealTree:prePrune ├── blob@0.0.4
20 silly idealTree:prePrune ├── bluebird@2.9.6
20 silly idealTree:prePrune ├── boom@2.10.1
20 silly idealTree:prePrune ├── bootstrap@3.3.6
20 silly idealTree:prePrune ├─┬ boxen@0.6.0
20 silly idealTree:prePrune │ ├── ansi-regex@2.0.0
20 silly idealTree:prePrune │ ├── ansi-styles@2.2.1
20 silly idealTree:prePrune │ ├── camelcase@2.1.1
20 silly idealTree:prePrune │ ├── chalk@1.1.3
20 silly idealTree:prePrune │ ├── has-ansi@2.0.0
20 silly idealTree:prePrune │ ├── strip-ansi@3.0.1
20 silly idealTree:prePrune │ └── supports-color@2.0.0
20 silly idealTree:prePrune ├── brace-expansion@1.1.6
20 silly idealTree:prePrune ├── braces@1.8.5
20 silly idealTree:prePrune ├── browser-sync-client@2.4.2
20 silly idealTree:prePrune ├── browser-sync-ui@0.6.0
20 silly idealTree:prePrune ├─┬ browser-sync@2.13.0
20 silly idealTree:prePrune │ └── rx@4.1.0
20 silly idealTree:prePrune ├── bs-recipes@1.2.2
20 silly idealTree:prePrune ├── buffer-shims@1.0.0
20 silly idealTree:prePrune ├── builtin-modules@1.1.1
20 silly idealTree:prePrune ├── callsite@1.0.0
20 silly idealTree:prePrune ├── camelcase@1.2.1
20 silly idealTree:prePrune ├── capture-stack-trace@1.0.0
20 silly idealTree:prePrune ├── caseless@0.11.0
20 silly idealTree:prePrune ├── chalk@0.5.1
20 silly idealTree:prePrune ├── chokidar@1.5.1
20 silly idealTree:prePrune ├── cli-boxes@1.0.0
20 silly idealTree:prePrune ├─┬ cliui@3.2.0
20 silly idealTree:prePrune │ ├── ansi-regex@2.0.0
20 silly idealTree:prePrune │ └── strip-ansi@3.0.1
20 silly idealTree:prePrune ├── clone@1.0.2
20 silly idealTree:prePrune ├── code-point-at@1.0.0
20 silly idealTree:prePrune ├─┬ columnify@1.5.4
20 silly idealTree:prePrune │ ├── ansi-regex@2.0.0
20 silly idealTree:prePrune │ └── strip-ansi@3.0.1
20 silly idealTree:prePrune ├── combined-stream@1.0.5
20 silly idealTree:prePrune ├── commander@2.6.0
20 silly idealTree:prePrune ├── component-bind@1.0.0
20 silly idealTree:prePrune ├── component-emitter@1.1.2
20 silly idealTree:prePrune ├── component-inherit@0.0.3
20 silly idealTree:prePrune ├── concat-map@0.0.1
20 silly idealTree:prePrune ├─┬ concat-stream@1.5.1
20 silly idealTree:prePrune │ └── readable-stream@2.0.6
20 silly idealTree:prePrune ├── concurrently@2.2.0
20 silly idealTree:prePrune ├─┬ configstore@2.0.0
20 silly idealTree:prePrune │ ├── minimist@0.0.8
20 silly idealTree:prePrune │ └── mkdirp@0.5.1
20 silly idealTree:prePrune ├── connect-history-api-fallback@1.2.0
20 silly idealTree:prePrune ├── connect-logger@0.0.1
20 silly idealTree:prePrune ├── connect@3.4.1
20 silly idealTree:prePrune ├── core-js@2.4.1
20 silly idealTree:prePrune ├── core-util-is@1.0.2
20 silly idealTree:prePrune ├── create-error-class@3.0.2
20 silly idealTree:prePrune ├── cross-spawn@0.2.9
20 silly idealTree:prePrune ├── cryptiles@2.0.5
20 silly idealTree:prePrune ├── ctype@0.5.3
20 silly idealTree:prePrune ├── debug@2.2.0
20 silly idealTree:prePrune ├── decamelize@1.2.0
20 silly idealTree:prePrune ├── deep-extend@0.4.1
20 silly idealTree:prePrune ├── defaults@1.0.3
20 silly idealTree:prePrune ├── delayed-stream@1.0.0
20 silly idealTree:prePrune ├── depd@1.1.0
20 silly idealTree:prePrune ├── destroy@1.0.4
20 silly idealTree:prePrune ├── detect-indent@4.0.0
20 silly idealTree:prePrune ├── dev-ip@1.0.1
20 silly idealTree:prePrune ├── dot-prop@2.4.0
20 silly idealTree:prePrune ├── duplexer2@0.1.4
20 silly idealTree:prePrune ├─┬ easy-extender@2.3.2
20 silly idealTree:prePrune │ └── lodash@3.10.1
20 silly idealTree:prePrune ├── eazy-logger@3.0.2
20 silly idealTree:prePrune ├── ee-first@1.1.1
20 silly idealTree:prePrune ├── emitter-steward@1.0.0
20 silly idealTree:prePrune ├── engine.io-client@1.6.9
20 silly idealTree:prePrune ├─┬ engine.io-parser@1.2.4
20 silly idealTree:prePrune │ ├── has-binary@0.1.6
20 silly idealTree:prePrune │ └── isarray@0.0.1
20 silly idealTree:prePrune ├─┬ engine.io@1.6.9
20 silly idealTree:prePrune │ ├── accepts@1.1.4
20 silly idealTree:prePrune │ ├── mime-db@1.12.0
20 silly idealTree:prePrune │ ├── mime-types@2.0.14
20 silly idealTree:prePrune │ └── negotiator@0.4.9
20 silly idealTree:prePrune ├── error-ex@1.3.0
20 silly idealTree:prePrune ├── escape-html@1.0.3
20 silly idealTree:prePrune ├── escape-string-regexp@1.0.5
20 silly idealTree:prePrune ├── etag@1.7.0
20 silly idealTree:prePrune ├── eventemitter3@1.2.0
20 silly idealTree:prePrune ├── expand-brackets@0.1.5
20 silly idealTree:prePrune ├── expand-range@1.8.2
20 silly idealTree:prePrune ├─┬ express@2.5.11
20 silly idealTree:prePrune │ ├── connect@1.9.2
20 silly idealTree:prePrune │ └── qs@0.4.2
20 silly idealTree:prePrune ├── extend@3.0.0
20 silly idealTree:prePrune ├── extglob@0.3.2
20 silly idealTree:prePrune ├── filename-regex@2.0.0
20 silly idealTree:prePrune ├── fill-range@2.2.3
20 silly idealTree:prePrune ├── filled-array@1.1.0
20 silly idealTree:prePrune ├── finalhandler@0.4.1
20 silly idealTree:prePrune ├── find-up@1.1.2
20 silly idealTree:prePrune ├── for-in@0.1.5
20 silly idealTree:prePrune ├── for-own@0.1.4
20 silly idealTree:prePrune ├── forever-agent@0.6.1
20 silly idealTree:prePrune ├── form-data@1.0.0-rc4
20 silly idealTree:prePrune ├── formidable@1.0.17
20 silly idealTree:prePrune ├── fresh@0.3.0
20 silly idealTree:prePrune ├── fs-extra@0.26.7
20 silly idealTree:prePrune ├── fs.realpath@1.0.0
20 silly idealTree:prePrune ├─┬ fsevents@1.0.14
20 silly idealTree:prePrune │ ├── abbrev@1.0.9
20 silly idealTree:prePrune │ ├── ansi-regex@2.0.0
20 silly idealTree:prePrune │ ├── ansi-styles@2.2.1
20 silly idealTree:prePrune │ ├── aproba@1.0.4
20 silly idealTree:prePrune │ ├── are-we-there-yet@1.1.2
20 silly idealTree:prePrune │ ├── asn1@0.2.3
20 silly idealTree:prePrune │ ├── assert-plus@0.2.0
20 silly idealTree:prePrune │ ├── async@1.5.2
20 silly idealTree:prePrune │ ├── aws-sign2@0.6.0
20 silly idealTree:prePrune │ ├── aws4@1.4.1
20 silly idealTree:prePrune │ ├── balanced-match@0.4.2
20 silly idealTree:prePrune │ ├─┬ bl@1.1.2
20 silly idealTree:prePrune │ │ └── readable-stream@2.0.6
20 silly idealTree:prePrune │ ├── block-stream@0.0.9
20 silly idealTree:prePrune │ ├── boom@2.10.1
20 silly idealTree:prePrune │ ├── brace-expansion@1.1.5
20 silly idealTree:prePrune │ ├── buffer-shims@1.0.0
20 silly idealTree:prePrune │ ├── caseless@0.11.0
20 silly idealTree:prePrune │ ├── chalk@1.1.3
20 silly idealTree:prePrune │ ├── code-point-at@1.0.0
20 silly idealTree:prePrune │ ├── combined-stream@1.0.5
20 silly idealTree:prePrune │ ├── commander@2.9.0
20 silly idealTree:prePrune │ ├── concat-map@0.0.1
20 silly idealTree:prePrune │ ├── console-control-strings@1.1.0
20 silly idealTree:prePrune │ ├── core-util-is@1.0.2
20 silly idealTree:prePrune │ ├── cryptiles@2.0.5
20 silly idealTree:prePrune │ ├─┬ dashdash@1.14.0
20 silly idealTree:prePrune │ │ └── assert-plus@1.0.0
20 silly idealTree:prePrune │ ├── debug@2.2.0
20 silly idealTree:prePrune │ ├── deep-extend@0.4.1
20 silly idealTree:prePrune │ ├── delayed-stream@1.0.0
20 silly idealTree:prePrune │ ├── delegates@1.0.0
20 silly idealTree:prePrune │ ├── ecc-jsbn@0.1.1
20 silly idealTree:prePrune │ ├── escape-string-regexp@1.0.5
20 silly idealTree:prePrune │ ├── extend@3.0.0
20 silly idealTree:prePrune │ ├── extsprintf@1.0.2
20 silly idealTree:prePrune │ ├── forever-agent@0.6.1
20 silly idealTree:prePrune │ ├── form-data@1.0.0-rc4
20 silly idealTree:prePrune │ ├── fs.realpath@1.0.0
20 silly idealTree:prePrune │ ├── fstream-ignore@1.0.5
20 silly idealTree:prePrune │ ├── fstream@1.0.10
20 silly idealTree:prePrune │ ├── gauge@2.6.0
20 silly idealTree:prePrune │ ├── generate-function@2.0.0
20 silly idealTree:prePrune │ ├── generate-object-property@1.2.0
20 silly idealTree:prePrune │ ├─┬ getpass@0.1.6
20 silly idealTree:prePrune │ │ └── assert-plus@1.0.0
20 silly idealTree:prePrune │ ├── glob@7.0.5
20 silly idealTree:prePrune │ ├── graceful-fs@4.1.4
20 silly idealTree:prePrune │ ├── graceful-readlink@1.0.1
20 silly idealTree:prePrune │ ├── har-validator@2.0.6
20 silly idealTree:prePrune │ ├── has-ansi@2.0.0
20 silly idealTree:prePrune │ ├── has-color@0.1.7
20 silly idealTree:prePrune │ ├── has-unicode@2.0.1
20 silly idealTree:prePrune │ ├── hawk@3.1.3
20 silly idealTree:prePrune │ ├── hoek@2.16.3
20 silly idealTree:prePrune │ ├── http-signature@1.1.1
20 silly idealTree:prePrune │ ├── inflight@1.0.5
20 silly idealTree:prePrune │ ├── inherits@2.0.1
20 silly idealTree:prePrune │ ├── ini@1.3.4
20 silly idealTree:prePrune │ ├── is-fullwidth-code-point@1.0.0
20 silly idealTree:prePrune │ ├── is-my-json-valid@2.13.1
20 silly idealTree:prePrune │ ├── is-property@1.0.2
20 silly idealTree:prePrune │ ├── is-typedarray@1.0.0
20 silly idealTree:prePrune │ ├── isarray@1.0.0
20 silly idealTree:prePrune │ ├── isstream@0.1.2
20 silly idealTree:prePrune │ ├── jodid25519@1.0.2
20 silly idealTree:prePrune │ ├── jsbn@0.1.0
20 silly idealTree:prePrune │ ├── json-schema@0.2.2
20 silly idealTree:prePrune │ ├── json-stringify-safe@5.0.1
20 silly idealTree:prePrune │ ├── jsonpointer@2.0.0
20 silly idealTree:prePrune │ ├── jsprim@1.3.0
20 silly idealTree:prePrune │ ├── mime-db@1.23.0
20 silly idealTree:prePrune │ ├── mime-types@2.1.11
20 silly idealTree:prePrune │ ├── minimatch@3.0.2
20 silly idealTree:prePrune │ ├── minimist@0.0.8
20 silly idealTree:prePrune │ ├── mkdirp@0.5.1
20 silly idealTree:prePrune │ ├── ms@0.7.1
20 silly idealTree:prePrune │ ├── node-pre-gyp@0.6.29
20 silly idealTree:prePrune │ ├── node-uuid@1.4.7
20 silly idealTree:prePrune │ ├── nopt@3.0.6
20 silly idealTree:prePrune │ ├── npmlog@3.1.2
20 silly idealTree:prePrune │ ├── number-is-nan@1.0.0
20 silly idealTree:prePrune │ ├── oauth-sign@0.8.2
20 silly idealTree:prePrune │ ├── object-assign@4.1.0
20 silly idealTree:prePrune │ ├── once@1.3.3
20 silly idealTree:prePrune │ ├── path-is-absolute@1.0.0
20 silly idealTree:prePrune │ ├── pinkie-promise@2.0.1
20 silly idealTree:prePrune │ ├── pinkie@2.0.4
20 silly idealTree:prePrune │ ├── process-nextick-args@1.0.7
20 silly idealTree:prePrune │ ├── qs@6.2.0
20 silly idealTree:prePrune │ ├─┬ rc@1.1.6
20 silly idealTree:prePrune │ │ └── minimist@1.2.0
20 silly idealTree:prePrune │ ├── readable-stream@2.1.4
20 silly idealTree:prePrune │ ├── request@2.73.0
20 silly idealTree:prePrune │ ├── rimraf@2.5.3
20 silly idealTree:prePrune │ ├── semver@5.2.0
20 silly idealTree:prePrune │ ├── set-blocking@2.0.0
20 silly idealTree:prePrune │ ├── signal-exit@3.0.0
20 silly idealTree:prePrune │ ├── sntp@1.0.9
20 silly idealTree:prePrune │ ├─┬ sshpk@1.8.3
20 silly idealTree:prePrune │ │ └── assert-plus@1.0.0
20 silly idealTree:prePrune │ ├── string_decoder@0.10.31
20 silly idealTree:prePrune │ ├── string-width@1.0.1
20 silly idealTree:prePrune │ ├── stringstream@0.0.5
20 silly idealTree:prePrune │ ├── strip-ansi@3.0.1
20 silly idealTree:prePrune │ ├── strip-json-comments@1.0.4
20 silly idealTree:prePrune │ ├── supports-color@2.0.0
20 silly idealTree:prePrune │ ├── tar-pack@3.1.4
20 silly idealTree:prePrune │ ├── tar@2.2.1
20 silly idealTree:prePrune │ ├── tough-cookie@2.2.2
20 silly idealTree:prePrune │ ├── tunnel-agent@0.4.3
20 silly idealTree:prePrune │ ├── tweetnacl@0.13.3
20 silly idealTree:prePrune │ ├── uid-number@0.0.6
20 silly idealTree:prePrune │ ├── util-deprecate@1.0.2
20 silly idealTree:prePrune │ ├── verror@1.3.6
20 silly idealTree:prePrune │ ├── wide-align@1.1.0
20 silly idealTree:prePrune │ ├── wrappy@1.0.2
20 silly idealTree:prePrune │ └── xtend@4.0.1
20 silly idealTree:prePrune ├── function-bind@1.1.0
20 silly idealTree:prePrune ├── generate-function@2.0.0
20 silly idealTree:prePrune ├── generate-object-property@1.2.0
20 silly idealTree:prePrune ├── glob-base@0.3.0
20 silly idealTree:prePrune ├── glob-parent@2.0.0
20 silly idealTree:prePrune ├── glob@7.0.5
20 silly idealTree:prePrune ├── got@5.6.0
20 silly idealTree:prePrune ├── graceful-fs@4.1.4
20 silly idealTree:prePrune ├── graceful-readlink@1.0.1
20 silly idealTree:prePrune ├─┬ har-validator@2.0.6
20 silly idealTree:prePrune │ ├── ansi-regex@2.0.0
20 silly idealTree:prePrune │ ├── ansi-styles@2.2.1
20 silly idealTree:prePrune │ ├── chalk@1.1.3
20 silly idealTree:prePrune │ ├── commander@2.9.0
20 silly idealTree:prePrune │ ├── has-ansi@2.0.0
20 silly idealTree:prePrune │ ├── strip-ansi@3.0.1
20 silly idealTree:prePrune │ └── supports-color@2.0.0
20 silly idealTree:prePrune ├── has-ansi@0.1.0
20 silly idealTree:prePrune ├─┬ has-binary@0.1.7
20 silly idealTree:prePrune │ └── isarray@0.0.1
20 silly idealTree:prePrune ├── has-cors@1.1.0
20 silly idealTree:prePrune ├── has@1.0.1
20 silly idealTree:prePrune ├── hawk@3.1.3
20 silly idealTree:prePrune ├── hoek@2.16.3
20 silly idealTree:prePrune ├── hosted-git-info@2.1.5
20 silly idealTree:prePrune ├── http-errors@1.3.1
20 silly idealTree:prePrune ├── http-proxy-agent@1.0.0
20 silly idealTree:prePrune ├── http-proxy@1.13.3
20 silly idealTree:prePrune ├── http-signature@0.11.0
20 silly idealTree:prePrune ├── https-proxy-agent@1.0.0
20 silly idealTree:prePrune ├── immutable@3.8.1
20 silly idealTree:prePrune ├── imurmurhash@0.1.4
20 silly idealTree:prePrune ├── indexof@0.0.1
20 silly idealTree:prePrune ├── inflight@1.0.5
20 silly idealTree:prePrune ├── inherits@2.0.1
20 silly idealTree:prePrune ├── ini@1.3.4
20 silly idealTree:prePrune ├── invariant@2.2.1
20 silly idealTree:prePrune ├── invert-kv@1.0.0
20 silly idealTree:prePrune ├── is-absolute@0.2.5
20 silly idealTree:prePrune ├── is-arrayish@0.2.1
20 silly idealTree:prePrune ├── is-binary-path@1.0.1
20 silly idealTree:prePrune ├── is-buffer@1.1.3
20 silly idealTree:prePrune ├── is-builtin-module@1.0.0
20 silly idealTree:prePrune ├── is-dotfile@1.0.2
20 silly idealTree:prePrune ├── is-equal-shallow@0.1.3
20 silly idealTree:prePrune ├── is-extendable@0.1.1
20 silly idealTree:prePrune ├── is-extglob@1.0.0
20 silly idealTree:prePrune ├── is-finite@1.0.1
20 silly idealTree:prePrune ├── is-fullwidth-code-point@1.0.0
20 silly idealTree:prePrune ├── is-glob@2.0.1
20 silly idealTree:prePrune ├── is-my-json-valid@2.13.1
20 silly idealTree:prePrune ├── is-npm@1.0.0
20 silly idealTree:prePrune ├── is-number@2.1.0
20 silly idealTree:prePrune ├── is-obj@1.0.1
20 silly idealTree:prePrune ├── is-plain-obj@1.1.0
20 silly idealTree:prePrune ├── is-posix-bracket@0.1.1
20 silly idealTree:prePrune ├── is-primitive@2.0.0
20 silly idealTree:prePrune ├── is-property@1.0.2
20 silly idealTree:prePrune ├── is-redirect@1.0.0
20 silly idealTree:prePrune ├── is-relative@0.2.1
20 silly idealTree:prePrune ├── is-retry-allowed@1.1.0
20 silly idealTree:prePrune ├── is-stream@1.1.0
20 silly idealTree:prePrune ├── is-unc-path@0.1.1
20 silly idealTree:prePrune ├── is-utf8@0.2.1
20 silly idealTree:prePrune ├── is-windows@0.1.1
20 silly idealTree:prePrune ├── isarray@1.0.0
20 silly idealTree:prePrune ├── isobject@2.1.0
20 silly idealTree:prePrune ├── isstream@0.1.2
20 silly idealTree:prePrune ├── js-tokens@1.0.3
20 silly idealTree:prePrune ├── json-stringify-safe@5.0.1
20 silly idealTree:prePrune ├── json3@3.2.6
20 silly idealTree:prePrune ├── jsonfile@2.3.1
20 silly idealTree:prePrune ├── jsonpointer@2.0.0
20 silly idealTree:prePrune ├── kind-of@3.0.3
20 silly idealTree:prePrune ├── klaw@1.3.0
20 silly idealTree:prePrune ├── latest-version@2.0.0
20 silly idealTree:prePrune ├── lazy-req@1.1.0
20 silly idealTree:prePrune ├── lcid@1.0.0
20 silly idealTree:prePrune ├── limiter@1.1.0
20 silly idealTree:prePrune ├── listify@1.0.0
20 silly idealTree:prePrune ├── lite-server@2.2.2
20 silly idealTree:prePrune ├── load-json-file@1.1.0
20 silly idealTree:prePrune ├─┬ localtunnel@1.8.1
20 silly idealTree:prePrune │ └── yargs@3.29.0
20 silly idealTree:prePrune ├── lockfile@1.0.1
20 silly idealTree:prePrune ├── lodash.assign@4.0.9
20 silly idealTree:prePrune ├── lodash.keys@4.0.7
20 silly idealTree:prePrune ├── lodash.rest@4.0.3
20 silly idealTree:prePrune ├── lodash@4.14.0
20 silly idealTree:prePrune ├── loose-envify@1.2.0
20 silly idealTree:prePrune ├── lowercase-keys@1.0.0
20 silly idealTree:prePrune ├── lru-cache@2.7.3
20 silly idealTree:prePrune ├── make-error-cause@1.2.1
20 silly idealTree:prePrune ├── make-error@1.2.0
20 silly idealTree:prePrune ├── micromatch@2.3.8
20 silly idealTree:prePrune ├── mime-db@1.23.0
20 silly idealTree:prePrune ├── mime-types@2.1.11
20 silly idealTree:prePrune ├── mime@1.2.4
20 silly idealTree:prePrune ├── minimatch@3.0.2
20 silly idealTree:prePrune ├── minimist@1.2.0
20 silly idealTree:prePrune ├── mkdirp@0.3.0
20 silly idealTree:prePrune ├── moment@2.14.1
20 silly idealTree:prePrune ├── ms@0.7.1
20 silly idealTree:prePrune ├── nan@2.4.0
20 silly idealTree:prePrune ├── negotiator@0.5.3
20 silly idealTree:prePrune ├── node-status-codes@1.0.0
20 silly idealTree:prePrune ├── node-uuid@1.4.7
20 silly idealTree:prePrune ├── nopt@3.0.6
20 silly idealTree:prePrune ├── normalize-package-data@2.3.5
20 silly idealTree:prePrune ├── normalize-path@2.0.1
20 silly idealTree:prePrune ├── number-is-nan@1.0.0
20 silly idealTree:prePrune ├── oauth-sign@0.8.2
20 silly idealTree:prePrune ├── object-assign@4.1.0
20 silly idealTree:prePrune ├── object-component@0.0.3
20 silly idealTree:prePrune ├── object-path@0.9.2
20 silly idealTree:prePrune ├── object.omit@2.0.0
20 silly idealTree:prePrune ├── object.pick@1.1.2
20 silly idealTree:prePrune ├── on-finished@2.3.0
20 silly idealTree:prePrune ├── once@1.3.3
20 silly idealTree:prePrune ├── openurl@1.1.0
20 silly idealTree:prePrune ├── opn@3.0.3
20 silly idealTree:prePrune ├── options@0.0.6
20 silly idealTree:prePrune ├── os-homedir@1.0.1
20 silly idealTree:prePrune ├── os-locale@1.4.0
20 silly idealTree:prePrune ├── os-tmpdir@1.0.1
20 silly idealTree:prePrune ├── osenv@0.1.3
20 silly idealTree:prePrune ├── package-json@2.3.3
20 silly idealTree:prePrune ├── parse-glob@3.0.4
20 silly idealTree:prePrune ├── parse-json@2.2.0
20 silly idealTree:prePrune ├── parsejson@0.0.1
20 silly idealTree:prePrune ├── parseqs@0.0.2
20 silly idealTree:prePrune ├── parseuri@0.0.4
20 silly idealTree:prePrune ├── parseurl@1.3.1
20 silly idealTree:prePrune ├── path-exists@2.1.0
20 silly idealTree:prePrune ├── path-is-absolute@1.0.0
20 silly idealTree:prePrune ├── path-type@1.1.0
20 silly idealTree:prePrune ├── pify@2.3.0
20 silly idealTree:prePrune ├── pinkie-promise@2.0.1
20 silly idealTree:prePrune ├── pinkie@2.0.4
20 silly idealTree:prePrune ├── pkg-conf@1.1.3
20 silly idealTree:prePrune ├── popsicle-proxy-agent@3.0.0
20 silly idealTree:prePrune ├── popsicle-retry@3.2.1
20 silly idealTree:prePrune ├── popsicle-status@2.0.0
20 silly idealTree:prePrune ├─┬ popsicle@8.0.2
20 silly idealTree:prePrune │ ├── async@0.9.2
20 silly idealTree:prePrune │ ├── combined-stream@0.0.7
20 silly idealTree:prePrune │ ├── delayed-stream@0.0.5
20 silly idealTree:prePrune │ ├── form-data@0.2.0
20 silly idealTree:prePrune │ ├── mime-db@1.12.0
20 silly idealTree:prePrune │ └── mime-types@2.0.14
20 silly idealTree:prePrune ├─┬ portscanner@1.0.0
20 silly idealTree:prePrune │ └── async@0.1.15
20 silly idealTree:prePrune ├── prepend-http@1.0.4
20 silly idealTree:prePrune ├── preserve@0.2.0
20 silly idealTree:prePrune ├── process-nextick-args@1.0.7
20 silly idealTree:prePrune ├── promise-finally@2.2.1
20 silly idealTree:prePrune ├── qs@6.2.0
20 silly idealTree:prePrune ├── randomatic@1.1.5
20 silly idealTree:prePrune ├── range-parser@1.0.3
20 silly idealTree:prePrune ├── rc@1.1.6
20 silly idealTree:prePrune ├── read-all-stream@3.1.0
20 silly idealTree:prePrune ├── read-pkg-up@1.0.1
20 silly idealTree:prePrune ├── read-pkg@1.1.0
20 silly idealTree:prePrune ├── readable-stream@2.1.4
20 silly idealTree:prePrune ├── readdirp@2.1.0
20 silly idealTree:prePrune ├── reflect-metadata@0.1.3
20 silly idealTree:prePrune ├── regex-cache@0.4.3
20 silly idealTree:prePrune ├── registry-url@3.1.0
20 silly idealTree:prePrune ├── repeat-element@1.1.2
20 silly idealTree:prePrune ├── repeat-string@1.5.4
20 silly idealTree:prePrune ├── repeating@2.0.1
20 silly idealTree:prePrune ├─┬ request@2.65.0
20 silly idealTree:prePrune │ └── qs@5.2.1
20 silly idealTree:prePrune ├── require-main-filename@1.0.1
20 silly idealTree:prePrune ├── requires-port@1.0.0
20 silly idealTree:prePrune ├─┬ resp-modifier@6.0.1
20 silly idealTree:prePrune │ └── minimatch@2.0.10
20 silly idealTree:prePrune ├── rimraf@2.5.4
20 silly idealTree:prePrune ├── rx@2.3.24
20 silly idealTree:prePrune ├── rxjs@5.0.0-beta.6
20 silly idealTree:prePrune ├── semver-diff@2.1.0
20 silly idealTree:prePrune ├── semver@5.3.0
20 silly idealTree:prePrune ├─┬ send@0.13.2
20 silly idealTree:prePrune │ ├── mime@1.3.4
20 silly idealTree:prePrune │ └── statuses@1.2.1
20 silly idealTree:prePrune ├── serve-index@1.7.3
20 silly idealTree:prePrune ├── serve-static@1.10.3
20 silly idealTree:prePrune ├── server-destroy@1.0.1
20 silly idealTree:prePrune ├── set-blocking@1.0.0
20 silly idealTree:prePrune ├── set-immediate-shim@1.0.1
20 silly idealTree:prePrune ├── slide@1.1.6
20 silly idealTree:prePrune ├── sntp@1.0.9
20 silly idealTree:prePrune ├─┬ socket.io-adapter@0.4.0
20 silly idealTree:prePrune │ ├── isarray@0.0.1
20 silly idealTree:prePrune │ └─┬ socket.io-parser@2.2.2
20 silly idealTree:prePrune │   └── debug@0.7.4
20 silly idealTree:prePrune ├─┬ socket.io-client@1.4.6
20 silly idealTree:prePrune │ └── component-emitter@1.2.0
20 silly idealTree:prePrune ├─┬ socket.io-parser@2.2.6
20 silly idealTree:prePrune │ ├── isarray@0.0.1
20 silly idealTree:prePrune │ └── json3@3.3.2
20 silly idealTree:prePrune ├── socket.io@1.4.6
20 silly idealTree:prePrune ├── sort-keys@1.1.2
20 silly idealTree:prePrune ├── spdx-correct@1.0.2
20 silly idealTree:prePrune ├── spdx-exceptions@1.0.5
20 silly idealTree:prePrune ├── spdx-expression-parse@1.0.2
20 silly idealTree:prePrune ├── spdx-license-ids@1.2.1
20 silly idealTree:prePrune ├── statuses@1.3.0
20 silly idealTree:prePrune ├── stream-throttle@0.1.3
20 silly idealTree:prePrune ├── string_decoder@0.10.31
20 silly idealTree:prePrune ├── string-template@1.0.0
20 silly idealTree:prePrune ├─┬ string-width@1.0.1
20 silly idealTree:prePrune │ ├── ansi-regex@2.0.0
20 silly idealTree:prePrune │ └── strip-ansi@3.0.1
20 silly idealTree:prePrune ├── stringstream@0.0.5
20 silly idealTree:prePrune ├── strip-ansi@0.3.0
20 silly idealTree:prePrune ├── strip-bom@2.0.0
20 silly idealTree:prePrune ├── strip-json-comments@1.0.4
20 silly idealTree:prePrune ├── supports-color@0.2.0
20 silly idealTree:prePrune ├── symbol@0.2.3
20 silly idealTree:prePrune ├── systemjs@0.19.27
20 silly idealTree:prePrune ├─┬ tfunk@3.0.2
20 silly idealTree:prePrune │ ├── ansi-regex@2.0.0
20 silly idealTree:prePrune │ ├── ansi-styles@2.2.1
20 silly idealTree:prePrune │ ├── chalk@1.1.3
20 silly idealTree:prePrune │ ├── has-ansi@2.0.0
20 silly idealTree:prePrune │ ├── strip-ansi@3.0.1
20 silly idealTree:prePrune │ └── supports-color@2.0.0
20 silly idealTree:prePrune ├── thenify@3.2.0
20 silly idealTree:prePrune ├── throat@3.0.0
20 silly idealTree:prePrune ├── throwback@1.1.1
20 silly idealTree:prePrune ├── timed-out@2.0.0
20 silly idealTree:prePrune ├── to-array@0.1.4
20 silly idealTree:prePrune ├─┬ touch@1.0.0
20 silly idealTree:prePrune │ └── nopt@1.0.10
20 silly idealTree:prePrune ├── tough-cookie@2.2.2
20 silly idealTree:prePrune ├── tunnel-agent@0.4.3
20 silly idealTree:prePrune ├── typedarray@0.0.6
20 silly idealTree:prePrune ├── typescript@1.8.10
20 silly idealTree:prePrune ├─┬ typings-core@1.4.0
20 silly idealTree:prePrune │ ├── minimist@0.0.8
20 silly idealTree:prePrune │ ├── mkdirp@0.5.1
20 silly idealTree:prePrune │ └── typescript@1.8.7
20 silly idealTree:prePrune ├─┬ typings@1.3.2
20 silly idealTree:prePrune │ ├── ansi-regex@2.0.0
20 silly idealTree:prePrune │ ├── ansi-styles@2.2.1
20 silly idealTree:prePrune │ ├── bluebird@3.4.1
20 silly idealTree:prePrune │ ├── chalk@1.1.3
20 silly idealTree:prePrune │ ├── has-ansi@2.0.0
20 silly idealTree:prePrune │ ├── strip-ansi@3.0.1
20 silly idealTree:prePrune │ └── supports-color@2.0.0
20 silly idealTree:prePrune ├── ua-parser-js@0.7.10
20 silly idealTree:prePrune ├── ultron@1.0.2
20 silly idealTree:prePrune ├── unc-path-regex@0.1.2
20 silly idealTree:prePrune ├── underscore@1.7.0
20 silly idealTree:prePrune ├── unpipe@1.0.0
20 silly idealTree:prePrune ├── unzip-response@1.0.0
20 silly idealTree:prePrune ├─┬ update-notifier@1.0.2
20 silly idealTree:prePrune │ ├── ansi-regex@2.0.0
20 silly idealTree:prePrune │ ├── ansi-styles@2.2.1
20 silly idealTree:prePrune │ ├── chalk@1.1.3
20 silly idealTree:prePrune │ ├── has-ansi@2.0.0
20 silly idealTree:prePrune │ ├── strip-ansi@3.0.1
20 silly idealTree:prePrune │ └── supports-color@2.0.0
20 silly idealTree:prePrune ├── url-parse-lax@1.0.0
20 silly idealTree:prePrune ├── utf8@2.1.0
20 silly idealTree:prePrune ├── util-deprecate@1.0.2
20 silly idealTree:prePrune ├── utils-merge@1.0.0
20 silly idealTree:prePrune ├── uuid@2.0.2
20 silly idealTree:prePrune ├── validate-npm-package-license@3.0.1
20 silly idealTree:prePrune ├── wcwidth@1.0.1
20 silly idealTree:prePrune ├── weinre@2.0.0-pre-I0Z7U9OV
20 silly idealTree:prePrune ├── when@3.7.7
20 silly idealTree:prePrune ├── widest-line@1.0.0
20 silly idealTree:prePrune ├── window-size@0.1.4
20 silly idealTree:prePrune ├── wordwrap@1.0.0
20 silly idealTree:prePrune ├── wrap-ansi@2.0.0
20 silly idealTree:prePrune ├── wrappy@1.0.2
20 silly idealTree:prePrune ├── write-file-atomic@1.1.4
20 silly idealTree:prePrune ├── ws@1.0.1
20 silly idealTree:prePrune ├── xdg-basedir@2.0.0
20 silly idealTree:prePrune ├── xmlhttprequest-ssl@1.5.1
20 silly idealTree:prePrune ├── xtend@4.0.1
20 silly idealTree:prePrune ├── y18n@3.2.1
20 silly idealTree:prePrune ├─┬ yargs-parser@2.4.1
20 silly idealTree:prePrune │ └── camelcase@3.0.0
20 silly idealTree:prePrune ├─┬ yargs@4.7.1
20 silly idealTree:prePrune │ ├── camelcase@3.0.0
20 silly idealTree:prePrune │ └── window-size@0.2.0
20 silly idealTree:prePrune ├── yeast@0.1.2
20 silly idealTree:prePrune ├── zip-object@0.1.0
20 silly idealTree:prePrune └── zone.js@0.6.12
21 silly loadIdealTree Finishing
22 silly currentTree angular2-quickstart@1.0.0
22 silly currentTree ├── @angular/common@2.0.0-rc.4
22 silly currentTree ├── @angular/compiler@2.0.0-rc.4
22 silly currentTree ├── @angular/core@2.0.0-rc.4
22 silly currentTree ├── @angular/forms@0.2.0
22 silly currentTree ├── @angular/http@2.0.0-rc.4
22 silly currentTree ├── @angular/platform-browser-dynamic@2.0.0-rc.4
22 silly currentTree ├── @angular/platform-browser@2.0.0-rc.4
22 silly currentTree ├── @angular/router-deprecated@2.0.0-rc.2
22 silly currentTree ├── @angular/router@3.0.0-beta.1
22 silly currentTree ├── @angular/upgrade@2.0.0-rc.4
22 silly currentTree ├── abbrev@1.0.9
22 silly currentTree ├── accepts@1.2.13
22 silly currentTree ├── after@0.8.1
22 silly currentTree ├─┬ agent-base@2.0.1
22 silly currentTree │ └── semver@5.0.3
22 silly currentTree ├── angular2-in-memory-web-api@0.0.14
22 silly currentTree ├── ansi-align@1.1.0
22 silly currentTree ├── ansi-regex@0.2.1
22 silly currentTree ├── ansi-styles@1.1.0
22 silly currentTree ├── any-promise@1.3.0
22 silly currentTree ├── anymatch@1.3.0
22 silly currentTree ├── archy@1.0.0
22 silly currentTree ├── arr-diff@2.0.0
22 silly currentTree ├── arr-flatten@1.0.1
22 silly currentTree ├── array-uniq@1.0.3
22 silly currentTree ├── array-unique@0.2.1
22 silly currentTree ├── arraybuffer.slice@0.0.6
22 silly currentTree ├── arrify@1.0.1
22 silly currentTree ├── asn1@0.1.11
22 silly currentTree ├── assert-plus@0.1.5
22 silly currentTree ├── async-each-series@0.1.1
22 silly currentTree ├── async-each@1.0.0
22 silly currentTree ├── async@1.5.2
22 silly currentTree ├── aws-sign2@0.6.0
22 silly currentTree ├── backo2@1.0.2
22 silly currentTree ├── balanced-match@0.4.2
22 silly currentTree ├── base64-arraybuffer@0.1.2
22 silly currentTree ├── base64id@0.1.0
22 silly currentTree ├── batch@0.5.3
22 silly currentTree ├── benchmark@1.0.0
22 silly currentTree ├── better-assert@1.0.2
22 silly currentTree ├── binary-extensions@1.5.0
22 silly currentTree ├─┬ bl@1.0.3
22 silly currentTree │ └── readable-stream@2.0.6
22 silly currentTree ├── blob@0.0.4
22 silly currentTree ├── bluebird@2.9.6
22 silly currentTree ├── boom@2.10.1
22 silly currentTree ├── bootstrap@3.3.6
22 silly currentTree ├─┬ boxen@0.6.0
22 silly currentTree │ ├── ansi-regex@2.0.0
22 silly currentTree │ ├── ansi-styles@2.2.1
22 silly currentTree │ ├── camelcase@2.1.1
22 silly currentTree │ ├── chalk@1.1.3
22 silly currentTree │ ├── has-ansi@2.0.0
22 silly currentTree │ ├── strip-ansi@3.0.1
22 silly currentTree │ └── supports-color@2.0.0
22 silly currentTree ├── brace-expansion@1.1.6
22 silly currentTree ├── braces@1.8.5
22 silly currentTree ├── browser-sync-client@2.4.2
22 silly currentTree ├── browser-sync-ui@0.6.0
22 silly currentTree ├─┬ browser-sync@2.13.0
22 silly currentTree │ └── rx@4.1.0
22 silly currentTree ├── bs-recipes@1.2.2
22 silly currentTree ├── buffer-shims@1.0.0
22 silly currentTree ├── builtin-modules@1.1.1
22 silly currentTree ├── callsite@1.0.0
22 silly currentTree ├── camelcase@1.2.1
22 silly currentTree ├── capture-stack-trace@1.0.0
22 silly currentTree ├── caseless@0.11.0
22 silly currentTree ├── chalk@0.5.1
22 silly currentTree ├── chokidar@1.5.1
22 silly currentTree ├── cli-boxes@1.0.0
22 silly currentTree ├─┬ cliui@3.2.0
22 silly currentTree │ ├── ansi-regex@2.0.0
22 silly currentTree │ └── strip-ansi@3.0.1
22 silly currentTree ├── clone@1.0.2
22 silly currentTree ├── code-point-at@1.0.0
22 silly currentTree ├─┬ columnify@1.5.4
22 silly currentTree │ ├── ansi-regex@2.0.0
22 silly currentTree │ └── strip-ansi@3.0.1
22 silly currentTree ├── combined-stream@1.0.5
22 silly currentTree ├── commander@2.6.0
22 silly currentTree ├── component-bind@1.0.0
22 silly currentTree ├── component-emitter@1.1.2
22 silly currentTree ├── component-inherit@0.0.3
22 silly currentTree ├── concat-map@0.0.1
22 silly currentTree ├─┬ concat-stream@1.5.1
22 silly currentTree │ └── readable-stream@2.0.6
22 silly currentTree ├── concurrently@2.2.0
22 silly currentTree ├─┬ configstore@2.0.0
22 silly currentTree │ ├── minimist@0.0.8
22 silly currentTree │ └── mkdirp@0.5.1
22 silly currentTree ├── connect-history-api-fallback@1.2.0
22 silly currentTree ├── connect-logger@0.0.1
22 silly currentTree ├── connect@3.4.1
22 silly currentTree ├── core-js@2.4.1
22 silly currentTree ├── core-util-is@1.0.2
22 silly currentTree ├── create-error-class@3.0.2
22 silly currentTree ├── cross-spawn@0.2.9
22 silly currentTree ├── cryptiles@2.0.5
22 silly currentTree ├── ctype@0.5.3
22 silly currentTree ├── debug@2.2.0
22 silly currentTree ├── decamelize@1.2.0
22 silly currentTree ├── deep-extend@0.4.1
22 silly currentTree ├── defaults@1.0.3
22 silly currentTree ├── delayed-stream@1.0.0
22 silly currentTree ├── depd@1.1.0
22 silly currentTree ├── destroy@1.0.4
22 silly currentTree ├── detect-indent@4.0.0
22 silly currentTree ├── dev-ip@1.0.1
22 silly currentTree ├── dot-prop@2.4.0
22 silly currentTree ├── duplexer2@0.1.4
22 silly currentTree ├─┬ easy-extender@2.3.2
22 silly currentTree │ └── lodash@3.10.1
22 silly currentTree ├── eazy-logger@3.0.2
22 silly currentTree ├── ee-first@1.1.1
22 silly currentTree ├── emitter-steward@1.0.0
22 silly currentTree ├── engine.io-client@1.6.9
22 silly currentTree ├─┬ engine.io-parser@1.2.4
22 silly currentTree │ ├── has-binary@0.1.6
22 silly currentTree │ └── isarray@0.0.1
22 silly currentTree ├─┬ engine.io@1.6.9
22 silly currentTree │ ├── accepts@1.1.4
22 silly currentTree │ ├── mime-db@1.12.0
22 silly currentTree │ ├── mime-types@2.0.14
22 silly currentTree │ └── negotiator@0.4.9
22 silly currentTree ├── error-ex@1.3.0
22 silly currentTree ├── escape-html@1.0.3
22 silly currentTree ├── escape-string-regexp@1.0.5
22 silly currentTree ├── etag@1.7.0
22 silly currentTree ├── eventemitter3@1.2.0
22 silly currentTree ├── expand-brackets@0.1.5
22 silly currentTree ├── expand-range@1.8.2
22 silly currentTree ├─┬ express@2.5.11
22 silly currentTree │ ├── connect@1.9.2
22 silly currentTree │ └── qs@0.4.2
22 silly currentTree ├── extend@3.0.0
22 silly currentTree ├── extglob@0.3.2
22 silly currentTree ├── filename-regex@2.0.0
22 silly currentTree ├── fill-range@2.2.3
22 silly currentTree ├── filled-array@1.1.0
22 silly currentTree ├── finalhandler@0.4.1
22 silly currentTree ├── find-up@1.1.2
22 silly currentTree ├── for-in@0.1.5
22 silly currentTree ├── for-own@0.1.4
22 silly currentTree ├── forever-agent@0.6.1
22 silly currentTree ├── form-data@1.0.0-rc4
22 silly currentTree ├── formidable@1.0.17
22 silly currentTree ├── fresh@0.3.0
22 silly currentTree ├── fs-extra@0.26.7
22 silly currentTree ├── fs.realpath@1.0.0
22 silly currentTree ├─┬ fsevents@1.0.14
22 silly currentTree │ ├── abbrev@1.0.9
22 silly currentTree │ ├── ansi-regex@2.0.0
22 silly currentTree │ ├── ansi-styles@2.2.1
22 silly currentTree │ ├── aproba@1.0.4
22 silly currentTree │ ├── are-we-there-yet@1.1.2
22 silly currentTree │ ├── asn1@0.2.3
22 silly currentTree │ ├── assert-plus@0.2.0
22 silly currentTree │ ├── async@1.5.2
22 silly currentTree │ ├── aws-sign2@0.6.0
22 silly currentTree │ ├── aws4@1.4.1
22 silly currentTree │ ├── balanced-match@0.4.2
22 silly currentTree │ ├─┬ bl@1.1.2
22 silly currentTree │ │ └── readable-stream@2.0.6
22 silly currentTree │ ├── block-stream@0.0.9
22 silly currentTree │ ├── boom@2.10.1
22 silly currentTree │ ├── brace-expansion@1.1.5
22 silly currentTree │ ├── buffer-shims@1.0.0
22 silly currentTree │ ├── caseless@0.11.0
22 silly currentTree │ ├── chalk@1.1.3
22 silly currentTree │ ├── code-point-at@1.0.0
22 silly currentTree │ ├── combined-stream@1.0.5
22 silly currentTree │ ├── commander@2.9.0
22 silly currentTree │ ├── concat-map@0.0.1
22 silly currentTree │ ├── console-control-strings@1.1.0
22 silly currentTree │ ├── core-util-is@1.0.2
22 silly currentTree │ ├── cryptiles@2.0.5
22 silly currentTree │ ├─┬ dashdash@1.14.0
22 silly currentTree │ │ └── assert-plus@1.0.0
22 silly currentTree │ ├── debug@2.2.0
22 silly currentTree │ ├── deep-extend@0.4.1
22 silly currentTree │ ├── delayed-stream@1.0.0
22 silly currentTree │ ├── delegates@1.0.0
22 silly currentTree │ ├── ecc-jsbn@0.1.1
22 silly currentTree │ ├── escape-string-regexp@1.0.5
22 silly currentTree │ ├── extend@3.0.0
22 silly currentTree │ ├── extsprintf@1.0.2
22 silly currentTree │ ├── forever-agent@0.6.1
22 silly currentTree │ ├── form-data@1.0.0-rc4
22 silly currentTree │ ├── fs.realpath@1.0.0
22 silly currentTree │ ├── fstream-ignore@1.0.5
22 silly currentTree │ ├── fstream@1.0.10
22 silly currentTree │ ├── gauge@2.6.0
22 silly currentTree │ ├── generate-function@2.0.0
22 silly currentTree │ ├── generate-object-property@1.2.0
22 silly currentTree │ ├─┬ getpass@0.1.6
22 silly currentTree │ │ └── assert-plus@1.0.0
22 silly currentTree │ ├── glob@7.0.5
22 silly currentTree │ ├── graceful-fs@4.1.4
22 silly currentTree │ ├── graceful-readlink@1.0.1
22 silly currentTree │ ├── har-validator@2.0.6
22 silly currentTree │ ├── has-ansi@2.0.0
22 silly currentTree │ ├── has-color@0.1.7
22 silly currentTree │ ├── has-unicode@2.0.1
22 silly currentTree │ ├── hawk@3.1.3
22 silly currentTree │ ├── hoek@2.16.3
22 silly currentTree │ ├── http-signature@1.1.1
22 silly currentTree │ ├── inflight@1.0.5
22 silly currentTree │ ├── inherits@2.0.1
22 silly currentTree │ ├── ini@1.3.4
22 silly currentTree │ ├── is-fullwidth-code-point@1.0.0
22 silly currentTree │ ├── is-my-json-valid@2.13.1
22 silly currentTree │ ├── is-property@1.0.2
22 silly currentTree │ ├── is-typedarray@1.0.0
22 silly currentTree │ ├── isarray@1.0.0
22 silly currentTree │ ├── isstream@0.1.2
22 silly currentTree │ ├── jodid25519@1.0.2
22 silly currentTree │ ├── jsbn@0.1.0
22 silly currentTree │ ├── json-schema@0.2.2
22 silly currentTree │ ├── json-stringify-safe@5.0.1
22 silly currentTree │ ├── jsonpointer@2.0.0
22 silly currentTree │ ├── jsprim@1.3.0
22 silly currentTree │ ├── mime-db@1.23.0
22 silly currentTree │ ├── mime-types@2.1.11
22 silly currentTree │ ├── minimatch@3.0.2
22 silly currentTree │ ├── minimist@0.0.8
22 silly currentTree │ ├── mkdirp@0.5.1
22 silly currentTree │ ├── ms@0.7.1
22 silly currentTree │ ├── node-pre-gyp@0.6.29
22 silly currentTree │ ├── node-uuid@1.4.7
22 silly currentTree │ ├── nopt@3.0.6
22 silly currentTree │ ├── npmlog@3.1.2
22 silly currentTree │ ├── number-is-nan@1.0.0
22 silly currentTree │ ├── oauth-sign@0.8.2
22 silly currentTree │ ├── object-assign@4.1.0
22 silly currentTree │ ├── once@1.3.3
22 silly currentTree │ ├── path-is-absolute@1.0.0
22 silly currentTree │ ├── pinkie-promise@2.0.1
22 silly currentTree │ ├── pinkie@2.0.4
22 silly currentTree │ ├── process-nextick-args@1.0.7
22 silly currentTree │ ├── qs@6.2.0
22 silly currentTree │ ├─┬ rc@1.1.6
22 silly currentTree │ │ └── minimist@1.2.0
22 silly currentTree │ ├── readable-stream@2.1.4
22 silly currentTree │ ├── request@2.73.0
22 silly currentTree │ ├── rimraf@2.5.3
22 silly currentTree │ ├── semver@5.2.0
22 silly currentTree │ ├── set-blocking@2.0.0
22 silly currentTree │ ├── signal-exit@3.0.0
22 silly currentTree │ ├── sntp@1.0.9
22 silly currentTree │ ├─┬ sshpk@1.8.3
22 silly currentTree │ │ └── assert-plus@1.0.0
22 silly currentTree │ ├── string_decoder@0.10.31
22 silly currentTree │ ├── string-width@1.0.1
22 silly currentTree │ ├── stringstream@0.0.5
22 silly currentTree │ ├── strip-ansi@3.0.1
22 silly currentTree │ ├── strip-json-comments@1.0.4
22 silly currentTree │ ├── supports-color@2.0.0
22 silly currentTree │ ├── tar-pack@3.1.4
22 silly currentTree │ ├── tar@2.2.1
22 silly currentTree │ ├── tough-cookie@2.2.2
22 silly currentTree │ ├── tunnel-agent@0.4.3
22 silly currentTree │ ├── tweetnacl@0.13.3
22 silly currentTree │ ├── uid-number@0.0.6
22 silly currentTree │ ├── util-deprecate@1.0.2
22 silly currentTree │ ├── verror@1.3.6
22 silly currentTree │ ├── wide-align@1.1.0
22 silly currentTree │ ├── wrappy@1.0.2
22 silly currentTree │ └── xtend@4.0.1
22 silly currentTree ├── function-bind@1.1.0
22 silly currentTree ├── generate-function@2.0.0
22 silly currentTree ├── generate-object-property@1.2.0
22 silly currentTree ├── glob-base@0.3.0
22 silly currentTree ├── glob-parent@2.0.0
22 silly currentTree ├── glob@7.0.5
22 silly currentTree ├── got@5.6.0
22 silly currentTree ├── graceful-fs@4.1.4
22 silly currentTree ├── graceful-readlink@1.0.1
22 silly currentTree ├─┬ har-validator@2.0.6
22 silly currentTree │ ├── ansi-regex@2.0.0
22 silly currentTree │ ├── ansi-styles@2.2.1
22 silly currentTree │ ├── chalk@1.1.3
22 silly currentTree │ ├── commander@2.9.0
22 silly currentTree │ ├── has-ansi@2.0.0
22 silly currentTree │ ├── strip-ansi@3.0.1
22 silly currentTree │ └── supports-color@2.0.0
22 silly currentTree ├── has-ansi@0.1.0
22 silly currentTree ├─┬ has-binary@0.1.7
22 silly currentTree │ └── isarray@0.0.1
22 silly currentTree ├── has-cors@1.1.0
22 silly currentTree ├── has@1.0.1
22 silly currentTree ├── hawk@3.1.3
22 silly currentTree ├── hoek@2.16.3
22 silly currentTree ├── hosted-git-info@2.1.5
22 silly currentTree ├── http-errors@1.3.1
22 silly currentTree ├── http-proxy-agent@1.0.0
22 silly currentTree ├── http-proxy@1.13.3
22 silly currentTree ├── http-signature@0.11.0
22 silly currentTree ├── https-proxy-agent@1.0.0
22 silly currentTree ├── immutable@3.8.1
22 silly currentTree ├── imurmurhash@0.1.4
22 silly currentTree ├── indexof@0.0.1
22 silly currentTree ├── inflight@1.0.5
22 silly currentTree ├── inherits@2.0.1
22 silly currentTree ├── ini@1.3.4
22 silly currentTree ├── invariant@2.2.1
22 silly currentTree ├── invert-kv@1.0.0
22 silly currentTree ├── is-absolute@0.2.5
22 silly currentTree ├── is-arrayish@0.2.1
22 silly currentTree ├── is-binary-path@1.0.1
22 silly currentTree ├── is-buffer@1.1.3
22 silly currentTree ├── is-builtin-module@1.0.0
22 silly currentTree ├── is-dotfile@1.0.2
22 silly currentTree ├── is-equal-shallow@0.1.3
22 silly currentTree ├── is-extendable@0.1.1
22 silly currentTree ├── is-extglob@1.0.0
22 silly currentTree ├── is-finite@1.0.1
22 silly currentTree ├── is-fullwidth-code-point@1.0.0
22 silly currentTree ├── is-glob@2.0.1
22 silly currentTree ├── is-my-json-valid@2.13.1
22 silly currentTree ├── is-npm@1.0.0
22 silly currentTree ├── is-number@2.1.0
22 silly currentTree ├── is-obj@1.0.1
22 silly currentTree ├── is-plain-obj@1.1.0
22 silly currentTree ├── is-posix-bracket@0.1.1
22 silly currentTree ├── is-primitive@2.0.0
22 silly currentTree ├── is-property@1.0.2
22 silly currentTree ├── is-redirect@1.0.0
22 silly currentTree ├── is-relative@0.2.1
22 silly currentTree ├── is-retry-allowed@1.1.0
22 silly currentTree ├── is-stream@1.1.0
22 silly currentTree ├── is-unc-path@0.1.1
22 silly currentTree ├── is-utf8@0.2.1
22 silly currentTree ├── is-windows@0.1.1
22 silly currentTree ├── isarray@1.0.0
22 silly currentTree ├── isobject@2.1.0
22 silly currentTree ├── isstream@0.1.2
22 silly currentTree ├── js-tokens@1.0.3
22 silly currentTree ├── json-stringify-safe@5.0.1
22 silly currentTree ├── json3@3.2.6
22 silly currentTree ├── jsonfile@2.3.1
22 silly currentTree ├── jsonpointer@2.0.0
22 silly currentTree ├── kind-of@3.0.3
22 silly currentTree ├── klaw@1.3.0
22 silly currentTree ├── latest-version@2.0.0
22 silly currentTree ├── lazy-req@1.1.0
22 silly currentTree ├── lcid@1.0.0
22 silly currentTree ├── limiter@1.1.0
22 silly currentTree ├── listify@1.0.0
22 silly currentTree ├── lite-server@2.2.2
22 silly currentTree ├── load-json-file@1.1.0
22 silly currentTree ├─┬ localtunnel@1.8.1
22 silly currentTree │ └── yargs@3.29.0
22 silly currentTree ├── lockfile@1.0.1
22 silly currentTree ├── lodash.assign@4.0.9
22 silly currentTree ├── lodash.keys@4.0.7
22 silly currentTree ├── lodash.rest@4.0.3
22 silly currentTree ├── lodash@4.14.0
22 silly currentTree ├── loose-envify@1.2.0
22 silly currentTree ├── lowercase-keys@1.0.0
22 silly currentTree ├── lru-cache@2.7.3
22 silly currentTree ├── make-error-cause@1.2.1
22 silly currentTree ├── make-error@1.2.0
22 silly currentTree ├── micromatch@2.3.8
22 silly currentTree ├── mime-db@1.23.0
22 silly currentTree ├── mime-types@2.1.11
22 silly currentTree ├── mime@1.2.4
22 silly currentTree ├── minimatch@3.0.2
22 silly currentTree ├── minimist@1.2.0
22 silly currentTree ├── mkdirp@0.3.0
22 silly currentTree ├── moment@2.14.1
22 silly currentTree ├── ms@0.7.1
22 silly currentTree ├── nan@2.4.0
22 silly currentTree ├── negotiator@0.5.3
22 silly currentTree ├── node-status-codes@1.0.0
22 silly currentTree ├── node-uuid@1.4.7
22 silly currentTree ├── nopt@3.0.6
22 silly currentTree ├── normalize-package-data@2.3.5
22 silly currentTree ├── normalize-path@2.0.1
22 silly currentTree ├── number-is-nan@1.0.0
22 silly currentTree ├── oauth-sign@0.8.2
22 silly currentTree ├── object-assign@4.1.0
22 silly currentTree ├── object-component@0.0.3
22 silly currentTree ├── object-path@0.9.2
22 silly currentTree ├── object.omit@2.0.0
22 silly currentTree ├── object.pick@1.1.2
22 silly currentTree ├── on-finished@2.3.0
22 silly currentTree ├── once@1.3.3
22 silly currentTree ├── openurl@1.1.0
22 silly currentTree ├── opn@3.0.3
22 silly currentTree ├── options@0.0.6
22 silly currentTree ├── os-homedir@1.0.1
22 silly currentTree ├── os-locale@1.4.0
22 silly currentTree ├── os-tmpdir@1.0.1
22 silly currentTree ├── osenv@0.1.3
22 silly currentTree ├── package-json@2.3.3
22 silly currentTree ├── parse-glob@3.0.4
22 silly currentTree ├── parse-json@2.2.0
22 silly currentTree ├── parsejson@0.0.1
22 silly currentTree ├── parseqs@0.0.2
22 silly currentTree ├── parseuri@0.0.4
22 silly currentTree ├── parseurl@1.3.1
22 silly currentTree ├── path-exists@2.1.0
22 silly currentTree ├── path-is-absolute@1.0.0
22 silly currentTree ├── path-type@1.1.0
22 silly currentTree ├── pify@2.3.0
22 silly currentTree ├── pinkie-promise@2.0.1
22 silly currentTree ├── pinkie@2.0.4
22 silly currentTree ├── pkg-conf@1.1.3
22 silly currentTree ├── popsicle-proxy-agent@3.0.0
22 silly currentTree ├── popsicle-retry@3.2.1
22 silly currentTree ├── popsicle-status@2.0.0
22 silly currentTree ├─┬ popsicle@8.0.2
22 silly currentTree │ ├── async@0.9.2
22 silly currentTree │ ├── combined-stream@0.0.7
22 silly currentTree │ ├── delayed-stream@0.0.5
22 silly currentTree │ ├── form-data@0.2.0
22 silly currentTree │ ├── mime-db@1.12.0
22 silly currentTree │ └── mime-types@2.0.14
22 silly currentTree ├─┬ portscanner@1.0.0
22 silly currentTree │ └── async@0.1.15
22 silly currentTree ├── prepend-http@1.0.4
22 silly currentTree ├── preserve@0.2.0
22 silly currentTree ├── process-nextick-args@1.0.7
22 silly currentTree ├── promise-finally@2.2.1
22 silly currentTree ├── qs@6.2.0
22 silly currentTree ├── randomatic@1.1.5
22 silly currentTree ├── range-parser@1.0.3
22 silly currentTree ├── rc@1.1.6
22 silly currentTree ├── read-all-stream@3.1.0
22 silly currentTree ├── read-pkg-up@1.0.1
22 silly currentTree ├── read-pkg@1.1.0
22 silly currentTree ├── readable-stream@2.1.4
22 silly currentTree ├── readdirp@2.1.0
22 silly currentTree ├── reflect-metadata@0.1.3
22 silly currentTree ├── regex-cache@0.4.3
22 silly currentTree ├── registry-url@3.1.0
22 silly currentTree ├── repeat-element@1.1.2
22 silly currentTree ├── repeat-string@1.5.4
22 silly currentTree ├── repeating@2.0.1
22 silly currentTree ├─┬ request@2.65.0
22 silly currentTree │ └── qs@5.2.1
22 silly currentTree ├── require-main-filename@1.0.1
22 silly currentTree ├── requires-port@1.0.0
22 silly currentTree ├─┬ resp-modifier@6.0.1
22 silly currentTree │ └── minimatch@2.0.10
22 silly currentTree ├── rimraf@2.5.4
22 silly currentTree ├── rx@2.3.24
22 silly currentTree ├── rxjs@5.0.0-beta.6
22 silly currentTree ├── semver-diff@2.1.0
22 silly currentTree ├── semver@5.3.0
22 silly currentTree ├─┬ send@0.13.2
22 silly currentTree │ ├── mime@1.3.4
22 silly currentTree │ └── statuses@1.2.1
22 silly currentTree ├── serve-index@1.7.3
22 silly currentTree ├── serve-static@1.10.3
22 silly currentTree ├── server-destroy@1.0.1
22 silly currentTree ├── set-blocking@1.0.0
22 silly currentTree ├── set-immediate-shim@1.0.1
22 silly currentTree ├── slide@1.1.6
22 silly currentTree ├── sntp@1.0.9
22 silly currentTree ├─┬ socket.io-adapter@0.4.0
22 silly currentTree │ ├── isarray@0.0.1
22 silly currentTree │ └─┬ socket.io-parser@2.2.2
22 silly currentTree │   └── debug@0.7.4
22 silly currentTree ├─┬ socket.io-client@1.4.6
22 silly currentTree │ └── component-emitter@1.2.0
22 silly currentTree ├─┬ socket.io-parser@2.2.6
22 silly currentTree │ ├── isarray@0.0.1
22 silly currentTree │ └── json3@3.3.2
22 silly currentTree ├── socket.io@1.4.6
22 silly currentTree ├── sort-keys@1.1.2
22 silly currentTree ├── spdx-correct@1.0.2
22 silly currentTree ├── spdx-exceptions@1.0.5
22 silly currentTree ├── spdx-expression-parse@1.0.2
22 silly currentTree ├── spdx-license-ids@1.2.1
22 silly currentTree ├── statuses@1.3.0
22 silly currentTree ├── stream-throttle@0.1.3
22 silly currentTree ├── string_decoder@0.10.31
22 silly currentTree ├── string-template@1.0.0
22 silly currentTree ├─┬ string-width@1.0.1
22 silly currentTree │ ├── ansi-regex@2.0.0
22 silly currentTree │ └── strip-ansi@3.0.1
22 silly currentTree ├── stringstream@0.0.5
22 silly currentTree ├── strip-ansi@0.3.0
22 silly currentTree ├── strip-bom@2.0.0
22 silly currentTree ├── strip-json-comments@1.0.4
22 silly currentTree ├── supports-color@0.2.0
22 silly currentTree ├── symbol@0.2.3
22 silly currentTree ├── systemjs@0.19.27
22 silly currentTree ├─┬ tfunk@3.0.2
22 silly currentTree │ ├── ansi-regex@2.0.0
22 silly currentTree │ ├── ansi-styles@2.2.1
22 silly currentTree │ ├── chalk@1.1.3
22 silly currentTree │ ├── has-ansi@2.0.0
22 silly currentTree │ ├── strip-ansi@3.0.1
22 silly currentTree │ └── supports-color@2.0.0
22 silly currentTree ├── thenify@3.2.0
22 silly currentTree ├── throat@3.0.0
22 silly currentTree ├── throwback@1.1.1
22 silly currentTree ├── timed-out@2.0.0
22 silly currentTree ├── to-array@0.1.4
22 silly currentTree ├─┬ touch@1.0.0
22 silly currentTree │ └── nopt@1.0.10
22 silly currentTree ├── tough-cookie@2.2.2
22 silly currentTree ├── tunnel-agent@0.4.3
22 silly currentTree ├── typedarray@0.0.6
22 silly currentTree ├── typescript@1.8.10
22 silly currentTree ├─┬ typings-core@1.4.0
22 silly currentTree │ ├── minimist@0.0.8
22 silly currentTree │ ├── mkdirp@0.5.1
22 silly currentTree │ └── typescript@1.8.7
22 silly currentTree ├─┬ typings@1.3.2
22 silly currentTree │ ├── ansi-regex@2.0.0
22 silly currentTree │ ├── ansi-styles@2.2.1
22 silly currentTree │ ├── bluebird@3.4.1
22 silly currentTree │ ├── chalk@1.1.3
22 silly currentTree │ ├── has-ansi@2.0.0
22 silly currentTree │ ├── strip-ansi@3.0.1
22 silly currentTree │ └── supports-color@2.0.0
22 silly currentTree ├── ua-parser-js@0.7.10
22 silly currentTree ├── ultron@1.0.2
22 silly currentTree ├── unc-path-regex@0.1.2
22 silly currentTree ├── underscore@1.7.0
22 silly currentTree ├── unpipe@1.0.0
22 silly currentTree ├── unzip-response@1.0.0
22 silly currentTree ├─┬ update-notifier@1.0.2
22 silly currentTree │ ├── ansi-regex@2.0.0
22 silly currentTree │ ├── ansi-styles@2.2.1
22 silly currentTree │ ├── chalk@1.1.3
22 silly currentTree │ ├── has-ansi@2.0.0
22 silly currentTree │ ├── strip-ansi@3.0.1
22 silly currentTree │ └── supports-color@2.0.0
22 silly currentTree ├── url-parse-lax@1.0.0
22 silly currentTree ├── utf8@2.1.0
22 silly currentTree ├── util-deprecate@1.0.2
22 silly currentTree ├── utils-merge@1.0.0
22 silly currentTree ├── uuid@2.0.2
22 silly currentTree ├── validate-npm-package-license@3.0.1
22 silly currentTree ├── wcwidth@1.0.1
22 silly currentTree ├── weinre@2.0.0-pre-I0Z7U9OV
22 silly currentTree ├── when@3.7.7
22 silly currentTree ├── widest-line@1.0.0
22 silly currentTree ├── window-size@0.1.4
22 silly currentTree ├── wordwrap@1.0.0
22 silly currentTree ├── wrap-ansi@2.0.0
22 silly currentTree ├── wrappy@1.0.2
22 silly currentTree ├── write-file-atomic@1.1.4
22 silly currentTree ├── ws@1.0.1
22 silly currentTree ├── xdg-basedir@2.0.0
22 silly currentTree ├── xmlhttprequest-ssl@1.5.1
22 silly currentTree ├── xtend@4.0.1
22 silly currentTree ├── y18n@3.2.1
22 silly currentTree ├─┬ yargs-parser@2.4.1
22 silly currentTree │ └── camelcase@3.0.0
22 silly currentTree ├─┬ yargs@4.7.1
22 silly currentTree │ ├── camelcase@3.0.0
22 silly currentTree │ └── window-size@0.2.0
22 silly currentTree ├── yeast@0.1.2
22 silly currentTree ├── zip-object@0.1.0
22 silly currentTree └── zone.js@0.6.12
23 silly idealTree angular2-quickstart@1.0.0
23 silly idealTree ├── @angular/common@2.0.0-rc.4
23 silly idealTree ├── @angular/compiler@2.0.0-rc.4
23 silly idealTree ├── @angular/core@2.0.0-rc.4
23 silly idealTree ├── @angular/forms@0.2.0
23 silly idealTree ├── @angular/http@2.0.0-rc.4
23 silly idealTree ├── @angular/platform-browser-dynamic@2.0.0-rc.4
23 silly idealTree ├── @angular/platform-browser@2.0.0-rc.4
23 silly idealTree ├── @angular/router-deprecated@2.0.0-rc.2
23 silly idealTree ├── @angular/router@3.0.0-beta.1
23 silly idealTree ├── @angular/upgrade@2.0.0-rc.4
23 silly idealTree ├── abbrev@1.0.9
23 silly idealTree ├── accepts@1.2.13
23 silly idealTree ├── after@0.8.1
23 silly idealTree ├─┬ agent-base@2.0.1
23 silly idealTree │ └── semver@5.0.3
23 silly idealTree ├── angular2-in-memory-web-api@0.0.14
23 silly idealTree ├── ansi-align@1.1.0
23 silly idealTree ├── ansi-regex@0.2.1
23 silly idealTree ├── ansi-styles@1.1.0
23 silly idealTree ├── any-promise@1.3.0
23 silly idealTree ├── anymatch@1.3.0
23 silly idealTree ├── archy@1.0.0
23 silly idealTree ├── arr-diff@2.0.0
23 silly idealTree ├── arr-flatten@1.0.1
23 silly idealTree ├── array-uniq@1.0.3
23 silly idealTree ├── array-unique@0.2.1
23 silly idealTree ├── arraybuffer.slice@0.0.6
23 silly idealTree ├── arrify@1.0.1
23 silly idealTree ├── asn1@0.1.11
23 silly idealTree ├── assert-plus@0.1.5
23 silly idealTree ├── async-each-series@0.1.1
23 silly idealTree ├── async-each@1.0.0
23 silly idealTree ├── async@1.5.2
23 silly idealTree ├── aws-sign2@0.6.0
23 silly idealTree ├── backo2@1.0.2
23 silly idealTree ├── balanced-match@0.4.2
23 silly idealTree ├── base64-arraybuffer@0.1.2
23 silly idealTree ├── base64id@0.1.0
23 silly idealTree ├── batch@0.5.3
23 silly idealTree ├── benchmark@1.0.0
23 silly idealTree ├── better-assert@1.0.2
23 silly idealTree ├── binary-extensions@1.5.0
23 silly idealTree ├─┬ bl@1.0.3
23 silly idealTree │ └── readable-stream@2.0.6
23 silly idealTree ├── blob@0.0.4
23 silly idealTree ├── bluebird@2.9.6
23 silly idealTree ├── boom@2.10.1
23 silly idealTree ├── bootstrap@3.3.6
23 silly idealTree ├─┬ boxen@0.6.0
23 silly idealTree │ ├── ansi-regex@2.0.0
23 silly idealTree │ ├── ansi-styles@2.2.1
23 silly idealTree │ ├── camelcase@2.1.1
23 silly idealTree │ ├── chalk@1.1.3
23 silly idealTree │ ├── has-ansi@2.0.0
23 silly idealTree │ ├── strip-ansi@3.0.1
23 silly idealTree │ └── supports-color@2.0.0
23 silly idealTree ├── brace-expansion@1.1.6
23 silly idealTree ├── braces@1.8.5
23 silly idealTree ├── browser-sync-client@2.4.2
23 silly idealTree ├── browser-sync-ui@0.6.0
23 silly idealTree ├─┬ browser-sync@2.13.0
23 silly idealTree │ └── rx@4.1.0
23 silly idealTree ├── bs-recipes@1.2.2
23 silly idealTree ├── buffer-shims@1.0.0
23 silly idealTree ├── builtin-modules@1.1.1
23 silly idealTree ├── callsite@1.0.0
23 silly idealTree ├── camelcase@1.2.1
23 silly idealTree ├── capture-stack-trace@1.0.0
23 silly idealTree ├── caseless@0.11.0
23 silly idealTree ├── chalk@0.5.1
23 silly idealTree ├── chokidar@1.5.1
23 silly idealTree ├── cli-boxes@1.0.0
23 silly idealTree ├─┬ cliui@3.2.0
23 silly idealTree │ ├── ansi-regex@2.0.0
23 silly idealTree │ └── strip-ansi@3.0.1
23 silly idealTree ├── clone@1.0.2
23 silly idealTree ├── code-point-at@1.0.0
23 silly idealTree ├─┬ columnify@1.5.4
23 silly idealTree │ ├── ansi-regex@2.0.0
23 silly idealTree │ └── strip-ansi@3.0.1
23 silly idealTree ├── combined-stream@1.0.5
23 silly idealTree ├── commander@2.6.0
23 silly idealTree ├── component-bind@1.0.0
23 silly idealTree ├── component-emitter@1.1.2
23 silly idealTree ├── component-inherit@0.0.3
23 silly idealTree ├── concat-map@0.0.1
23 silly idealTree ├─┬ concat-stream@1.5.1
23 silly idealTree │ └── readable-stream@2.0.6
23 silly idealTree ├── concurrently@2.2.0
23 silly idealTree ├─┬ configstore@2.0.0
23 silly idealTree │ ├── minimist@0.0.8
23 silly idealTree │ └── mkdirp@0.5.1
23 silly idealTree ├── connect-history-api-fallback@1.2.0
23 silly idealTree ├── connect-logger@0.0.1
23 silly idealTree ├── connect@3.4.1
23 silly idealTree ├── core-js@2.4.1
23 silly idealTree ├── core-util-is@1.0.2
23 silly idealTree ├── create-error-class@3.0.2
23 silly idealTree ├── cross-spawn@0.2.9
23 silly idealTree ├── cryptiles@2.0.5
23 silly idealTree ├── ctype@0.5.3
23 silly idealTree ├── debug@2.2.0
23 silly idealTree ├── decamelize@1.2.0
23 silly idealTree ├── deep-extend@0.4.1
23 silly idealTree ├── defaults@1.0.3
23 silly idealTree ├── delayed-stream@1.0.0
23 silly idealTree ├── depd@1.1.0
23 silly idealTree ├── destroy@1.0.4
23 silly idealTree ├── detect-indent@4.0.0
23 silly idealTree ├── dev-ip@1.0.1
23 silly idealTree ├── dot-prop@2.4.0
23 silly idealTree ├── duplexer2@0.1.4
23 silly idealTree ├─┬ easy-extender@2.3.2
23 silly idealTree │ └── lodash@3.10.1
23 silly idealTree ├── eazy-logger@3.0.2
23 silly idealTree ├── ee-first@1.1.1
23 silly idealTree ├── emitter-steward@1.0.0
23 silly idealTree ├── engine.io-client@1.6.9
23 silly idealTree ├─┬ engine.io-parser@1.2.4
23 silly idealTree │ ├── has-binary@0.1.6
23 silly idealTree │ └── isarray@0.0.1
23 silly idealTree ├─┬ engine.io@1.6.9
23 silly idealTree │ ├── accepts@1.1.4
23 silly idealTree │ ├── mime-db@1.12.0
23 silly idealTree │ ├── mime-types@2.0.14
23 silly idealTree │ └── negotiator@0.4.9
23 silly idealTree ├── error-ex@1.3.0
23 silly idealTree ├── escape-html@1.0.3
23 silly idealTree ├── escape-string-regexp@1.0.5
23 silly idealTree ├── etag@1.7.0
23 silly idealTree ├── eventemitter3@1.2.0
23 silly idealTree ├── expand-brackets@0.1.5
23 silly idealTree ├── expand-range@1.8.2
23 silly idealTree ├─┬ express@2.5.11
23 silly idealTree │ ├── connect@1.9.2
23 silly idealTree │ └── qs@0.4.2
23 silly idealTree ├── extend@3.0.0
23 silly idealTree ├── extglob@0.3.2
23 silly idealTree ├── filename-regex@2.0.0
23 silly idealTree ├── fill-range@2.2.3
23 silly idealTree ├── filled-array@1.1.0
23 silly idealTree ├── finalhandler@0.4.1
23 silly idealTree ├── find-up@1.1.2
23 silly idealTree ├── for-in@0.1.5
23 silly idealTree ├── for-own@0.1.4
23 silly idealTree ├── forever-agent@0.6.1
23 silly idealTree ├── form-data@1.0.0-rc4
23 silly idealTree ├── formidable@1.0.17
23 silly idealTree ├── fresh@0.3.0
23 silly idealTree ├── fs-extra@0.26.7
23 silly idealTree ├── fs.realpath@1.0.0
23 silly idealTree ├─┬ fsevents@1.0.14
23 silly idealTree │ ├── abbrev@1.0.9
23 silly idealTree │ ├── ansi-regex@2.0.0
23 silly idealTree │ ├── ansi-styles@2.2.1
23 silly idealTree │ ├── aproba@1.0.4
23 silly idealTree │ ├── are-we-there-yet@1.1.2
23 silly idealTree │ ├── asn1@0.2.3
23 silly idealTree │ ├── assert-plus@0.2.0
23 silly idealTree │ ├── async@1.5.2
23 silly idealTree │ ├── aws-sign2@0.6.0
23 silly idealTree │ ├── aws4@1.4.1
23 silly idealTree │ ├── balanced-match@0.4.2
23 silly idealTree │ ├─┬ bl@1.1.2
23 silly idealTree │ │ └── readable-stream@2.0.6
23 silly idealTree │ ├── block-stream@0.0.9
23 silly idealTree │ ├── boom@2.10.1
23 silly idealTree │ ├── brace-expansion@1.1.5
23 silly idealTree │ ├── buffer-shims@1.0.0
23 silly idealTree │ ├── caseless@0.11.0
23 silly idealTree │ ├── chalk@1.1.3
23 silly idealTree │ ├── code-point-at@1.0.0
23 silly idealTree │ ├── combined-stream@1.0.5
23 silly idealTree │ ├── commander@2.9.0
23 silly idealTree │ ├── concat-map@0.0.1
23 silly idealTree │ ├── console-control-strings@1.1.0
23 silly idealTree │ ├── core-util-is@1.0.2
23 silly idealTree │ ├── cryptiles@2.0.5
23 silly idealTree │ ├─┬ dashdash@1.14.0
23 silly idealTree │ │ └── assert-plus@1.0.0
23 silly idealTree │ ├── debug@2.2.0
23 silly idealTree │ ├── deep-extend@0.4.1
23 silly idealTree │ ├── delayed-stream@1.0.0
23 silly idealTree │ ├── delegates@1.0.0
23 silly idealTree │ ├── ecc-jsbn@0.1.1
23 silly idealTree │ ├── escape-string-regexp@1.0.5
23 silly idealTree │ ├── extend@3.0.0
23 silly idealTree │ ├── extsprintf@1.0.2
23 silly idealTree │ ├── forever-agent@0.6.1
23 silly idealTree │ ├── form-data@1.0.0-rc4
23 silly idealTree │ ├── fs.realpath@1.0.0
23 silly idealTree │ ├── fstream-ignore@1.0.5
23 silly idealTree │ ├── fstream@1.0.10
23 silly idealTree │ ├── gauge@2.6.0
23 silly idealTree │ ├── generate-function@2.0.0
23 silly idealTree │ ├── generate-object-property@1.2.0
23 silly idealTree │ ├─┬ getpass@0.1.6
23 silly idealTree │ │ └── assert-plus@1.0.0
23 silly idealTree │ ├── glob@7.0.5
23 silly idealTree │ ├── graceful-fs@4.1.4
23 silly idealTree │ ├── graceful-readlink@1.0.1
23 silly idealTree │ ├── har-validator@2.0.6
23 silly idealTree │ ├── has-ansi@2.0.0
23 silly idealTree │ ├── has-color@0.1.7
23 silly idealTree │ ├── has-unicode@2.0.1
23 silly idealTree │ ├── hawk@3.1.3
23 silly idealTree │ ├── hoek@2.16.3
23 silly idealTree │ ├── http-signature@1.1.1
23 silly idealTree │ ├── inflight@1.0.5
23 silly idealTree │ ├── inherits@2.0.1
23 silly idealTree │ ├── ini@1.3.4
23 silly idealTree │ ├── is-fullwidth-code-point@1.0.0
23 silly idealTree │ ├── is-my-json-valid@2.13.1
23 silly idealTree │ ├── is-property@1.0.2
23 silly idealTree │ ├── is-typedarray@1.0.0
23 silly idealTree │ ├── isarray@1.0.0
23 silly idealTree │ ├── isstream@0.1.2
23 silly idealTree │ ├── jodid25519@1.0.2
23 silly idealTree │ ├── jsbn@0.1.0
23 silly idealTree │ ├── json-schema@0.2.2
23 silly idealTree │ ├── json-stringify-safe@5.0.1
23 silly idealTree │ ├── jsonpointer@2.0.0
23 silly idealTree │ ├── jsprim@1.3.0
23 silly idealTree │ ├── mime-db@1.23.0
23 silly idealTree │ ├── mime-types@2.1.11
23 silly idealTree │ ├── minimatch@3.0.2
23 silly idealTree │ ├── minimist@0.0.8
23 silly idealTree │ ├── mkdirp@0.5.1
23 silly idealTree │ ├── ms@0.7.1
23 silly idealTree │ ├── node-pre-gyp@0.6.29
23 silly idealTree │ ├── node-uuid@1.4.7
23 silly idealTree │ ├── nopt@3.0.6
23 silly idealTree │ ├── npmlog@3.1.2
23 silly idealTree │ ├── number-is-nan@1.0.0
23 silly idealTree │ ├── oauth-sign@0.8.2
23 silly idealTree │ ├── object-assign@4.1.0
23 silly idealTree │ ├── once@1.3.3
23 silly idealTree │ ├── path-is-absolute@1.0.0
23 silly idealTree │ ├── pinkie-promise@2.0.1
23 silly idealTree │ ├── pinkie@2.0.4
23 silly idealTree │ ├── process-nextick-args@1.0.7
23 silly idealTree │ ├── qs@6.2.0
23 silly idealTree │ ├─┬ rc@1.1.6
23 silly idealTree │ │ └── minimist@1.2.0
23 silly idealTree │ ├── readable-stream@2.1.4
23 silly idealTree │ ├── request@2.73.0
23 silly idealTree │ ├── rimraf@2.5.3
23 silly idealTree │ ├── semver@5.2.0
23 silly idealTree │ ├── set-blocking@2.0.0
23 silly idealTree │ ├── signal-exit@3.0.0
23 silly idealTree │ ├── sntp@1.0.9
23 silly idealTree │ ├─┬ sshpk@1.8.3
23 silly idealTree │ │ └── assert-plus@1.0.0
23 silly idealTree │ ├── string_decoder@0.10.31
23 silly idealTree │ ├── string-width@1.0.1
23 silly idealTree │ ├── stringstream@0.0.5
23 silly idealTree │ ├── strip-ansi@3.0.1
23 silly idealTree │ ├── strip-json-comments@1.0.4
23 silly idealTree │ ├── supports-color@2.0.0
23 silly idealTree │ ├── tar-pack@3.1.4
23 silly idealTree │ ├── tar@2.2.1
23 silly idealTree │ ├── tough-cookie@2.2.2
23 silly idealTree │ ├── tunnel-agent@0.4.3
23 silly idealTree │ ├── tweetnacl@0.13.3
23 silly idealTree │ ├── uid-number@0.0.6
23 silly idealTree │ ├── util-deprecate@1.0.2
23 silly idealTree │ ├── verror@1.3.6
23 silly idealTree │ ├── wide-align@1.1.0
23 silly idealTree │ ├── wrappy@1.0.2
23 silly idealTree │ └── xtend@4.0.1
23 silly idealTree ├── function-bind@1.1.0
23 silly idealTree ├── generate-function@2.0.0
23 silly idealTree ├── generate-object-property@1.2.0
23 silly idealTree ├── glob-base@0.3.0
23 silly idealTree ├── glob-parent@2.0.0
23 silly idealTree ├── glob@7.0.5
23 silly idealTree ├── got@5.6.0
23 silly idealTree ├── graceful-fs@4.1.4
23 silly idealTree ├── graceful-readlink@1.0.1
23 silly idealTree ├─┬ har-validator@2.0.6
23 silly idealTree │ ├── ansi-regex@2.0.0
23 silly idealTree │ ├── ansi-styles@2.2.1
23 silly idealTree │ ├── chalk@1.1.3
23 silly idealTree │ ├── commander@2.9.0
23 silly idealTree │ ├── has-ansi@2.0.0
23 silly idealTree │ ├── strip-ansi@3.0.1
23 silly idealTree │ └── supports-color@2.0.0
23 silly idealTree ├── has-ansi@0.1.0
23 silly idealTree ├─┬ has-binary@0.1.7
23 silly idealTree │ └── isarray@0.0.1
23 silly idealTree ├── has-cors@1.1.0
23 silly idealTree ├── has@1.0.1
23 silly idealTree ├── hawk@3.1.3
23 silly idealTree ├── hoek@2.16.3
23 silly idealTree ├── hosted-git-info@2.1.5
23 silly idealTree ├── http-errors@1.3.1
23 silly idealTree ├── http-proxy-agent@1.0.0
23 silly idealTree ├── http-proxy@1.13.3
23 silly idealTree ├── http-signature@0.11.0
23 silly idealTree ├── https-proxy-agent@1.0.0
23 silly idealTree ├── immutable@3.8.1
23 silly idealTree ├── imurmurhash@0.1.4
23 silly idealTree ├── indexof@0.0.1
23 silly idealTree ├── inflight@1.0.5
23 silly idealTree ├── inherits@2.0.1
23 silly idealTree ├── ini@1.3.4
23 silly idealTree ├── invariant@2.2.1
23 silly idealTree ├── invert-kv@1.0.0
23 silly idealTree ├── is-absolute@0.2.5
23 silly idealTree ├── is-arrayish@0.2.1
23 silly idealTree ├── is-binary-path@1.0.1
23 silly idealTree ├── is-buffer@1.1.3
23 silly idealTree ├── is-builtin-module@1.0.0
23 silly idealTree ├── is-dotfile@1.0.2
23 silly idealTree ├── is-equal-shallow@0.1.3
23 silly idealTree ├── is-extendable@0.1.1
23 silly idealTree ├── is-extglob@1.0.0
23 silly idealTree ├── is-finite@1.0.1
23 silly idealTree ├── is-fullwidth-code-point@1.0.0
23 silly idealTree ├── is-glob@2.0.1
23 silly idealTree ├── is-my-json-valid@2.13.1
23 silly idealTree ├── is-npm@1.0.0
23 silly idealTree ├── is-number@2.1.0
23 silly idealTree ├── is-obj@1.0.1
23 silly idealTree ├── is-plain-obj@1.1.0
23 silly idealTree ├── is-posix-bracket@0.1.1
23 silly idealTree ├── is-primitive@2.0.0
23 silly idealTree ├── is-property@1.0.2
23 silly idealTree ├── is-redirect@1.0.0
23 silly idealTree ├── is-relative@0.2.1
23 silly idealTree ├── is-retry-allowed@1.1.0
23 silly idealTree ├── is-stream@1.1.0
23 silly idealTree ├── is-unc-path@0.1.1
23 silly idealTree ├── is-utf8@0.2.1
23 silly idealTree ├── is-windows@0.1.1
23 silly idealTree ├── isarray@1.0.0
23 silly idealTree ├── isobject@2.1.0
23 silly idealTree ├── isstream@0.1.2
23 silly idealTree ├── js-tokens@1.0.3
23 silly idealTree ├── json-stringify-safe@5.0.1
23 silly idealTree ├── json3@3.2.6
23 silly idealTree ├── jsonfile@2.3.1
23 silly idealTree ├── jsonpointer@2.0.0
23 silly idealTree ├── kind-of@3.0.3
23 silly idealTree ├── klaw@1.3.0
23 silly idealTree ├── latest-version@2.0.0
23 silly idealTree ├── lazy-req@1.1.0
23 silly idealTree ├── lcid@1.0.0
23 silly idealTree ├── limiter@1.1.0
23 silly idealTree ├── listify@1.0.0
23 silly idealTree ├── lite-server@2.2.2
23 silly idealTree ├── load-json-file@1.1.0
23 silly idealTree ├─┬ localtunnel@1.8.1
23 silly idealTree │ └── yargs@3.29.0
23 silly idealTree ├── lockfile@1.0.1
23 silly idealTree ├── lodash.assign@4.0.9
23 silly idealTree ├── lodash.keys@4.0.7
23 silly idealTree ├── lodash.rest@4.0.3
23 silly idealTree ├── lodash@4.14.0
23 silly idealTree ├── loose-envify@1.2.0
23 silly idealTree ├── lowercase-keys@1.0.0
23 silly idealTree ├── lru-cache@2.7.3
23 silly idealTree ├── make-error-cause@1.2.1
23 silly idealTree ├── make-error@1.2.0
23 silly idealTree ├── micromatch@2.3.8
23 silly idealTree ├── mime-db@1.23.0
23 silly idealTree ├── mime-types@2.1.11
23 silly idealTree ├── mime@1.2.4
23 silly idealTree ├── minimatch@3.0.2
23 silly idealTree ├── minimist@1.2.0
23 silly idealTree ├── mkdirp@0.3.0
23 silly idealTree ├── moment@2.14.1
23 silly idealTree ├── ms@0.7.1
23 silly idealTree ├── nan@2.4.0
23 silly idealTree ├── negotiator@0.5.3
23 silly idealTree ├── node-status-codes@1.0.0
23 silly idealTree ├── node-uuid@1.4.7
23 silly idealTree ├── nopt@3.0.6
23 silly idealTree ├── normalize-package-data@2.3.5
23 silly idealTree ├── normalize-path@2.0.1
23 silly idealTree ├── number-is-nan@1.0.0
23 silly idealTree ├── oauth-sign@0.8.2
23 silly idealTree ├── object-assign@4.1.0
23 silly idealTree ├── object-component@0.0.3
23 silly idealTree ├── object-path@0.9.2
23 silly idealTree ├── object.omit@2.0.0
23 silly idealTree ├── object.pick@1.1.2
23 silly idealTree ├── on-finished@2.3.0
23 silly idealTree ├── once@1.3.3
23 silly idealTree ├── openurl@1.1.0
23 silly idealTree ├── opn@3.0.3
23 silly idealTree ├── options@0.0.6
23 silly idealTree ├── os-homedir@1.0.1
23 silly idealTree ├── os-locale@1.4.0
23 silly idealTree ├── os-tmpdir@1.0.1
23 silly idealTree ├── osenv@0.1.3
23 silly idealTree ├── package-json@2.3.3
23 silly idealTree ├── parse-glob@3.0.4
23 silly idealTree ├── parse-json@2.2.0
23 silly idealTree ├── parsejson@0.0.1
23 silly idealTree ├── parseqs@0.0.2
23 silly idealTree ├── parseuri@0.0.4
23 silly idealTree ├── parseurl@1.3.1
23 silly idealTree ├── path-exists@2.1.0
23 silly idealTree ├── path-is-absolute@1.0.0
23 silly idealTree ├── path-type@1.1.0
23 silly idealTree ├── pify@2.3.0
23 silly idealTree ├── pinkie-promise@2.0.1
23 silly idealTree ├── pinkie@2.0.4
23 silly idealTree ├── pkg-conf@1.1.3
23 silly idealTree ├── popsicle-proxy-agent@3.0.0
23 silly idealTree ├── popsicle-retry@3.2.1
23 silly idealTree ├── popsicle-status@2.0.0
23 silly idealTree ├─┬ popsicle@8.0.2
23 silly idealTree │ ├── async@0.9.2
23 silly idealTree │ ├── combined-stream@0.0.7
23 silly idealTree │ ├── delayed-stream@0.0.5
23 silly idealTree │ ├── form-data@0.2.0
23 silly idealTree │ ├── mime-db@1.12.0
23 silly idealTree │ └── mime-types@2.0.14
23 silly idealTree ├─┬ portscanner@1.0.0
23 silly idealTree │ └── async@0.1.15
23 silly idealTree ├── prepend-http@1.0.4
23 silly idealTree ├── preserve@0.2.0
23 silly idealTree ├── process-nextick-args@1.0.7
23 silly idealTree ├── promise-finally@2.2.1
23 silly idealTree ├── qs@6.2.0
23 silly idealTree ├── randomatic@1.1.5
23 silly idealTree ├── range-parser@1.0.3
23 silly idealTree ├── rc@1.1.6
23 silly idealTree ├── read-all-stream@3.1.0
23 silly idealTree ├── read-pkg-up@1.0.1
23 silly idealTree ├── read-pkg@1.1.0
23 silly idealTree ├── readable-stream@2.1.4
23 silly idealTree ├── readdirp@2.1.0
23 silly idealTree ├── reflect-metadata@0.1.3
23 silly idealTree ├── regex-cache@0.4.3
23 silly idealTree ├── registry-url@3.1.0
23 silly idealTree ├── repeat-element@1.1.2
23 silly idealTree ├── repeat-string@1.5.4
23 silly idealTree ├── repeating@2.0.1
23 silly idealTree ├─┬ request@2.65.0
23 silly idealTree │ └── qs@5.2.1
23 silly idealTree ├── require-main-filename@1.0.1
23 silly idealTree ├── requires-port@1.0.0
23 silly idealTree ├─┬ resp-modifier@6.0.1
23 silly idealTree │ └── minimatch@2.0.10
23 silly idealTree ├── rimraf@2.5.4
23 silly idealTree ├── rx@2.3.24
23 silly idealTree ├── rxjs@5.0.0-beta.6
23 silly idealTree ├── semver-diff@2.1.0
23 silly idealTree ├── semver@5.3.0
23 silly idealTree ├─┬ send@0.13.2
23 silly idealTree │ ├── mime@1.3.4
23 silly idealTree │ └── statuses@1.2.1
23 silly idealTree ├── serve-index@1.7.3
23 silly idealTree ├── serve-static@1.10.3
23 silly idealTree ├── server-destroy@1.0.1
23 silly idealTree ├── set-blocking@1.0.0
23 silly idealTree ├── set-immediate-shim@1.0.1
23 silly idealTree ├── slide@1.1.6
23 silly idealTree ├── sntp@1.0.9
23 silly idealTree ├─┬ socket.io-adapter@0.4.0
23 silly idealTree │ ├── isarray@0.0.1
23 silly idealTree │ └─┬ socket.io-parser@2.2.2
23 silly idealTree │   └── debug@0.7.4
23 silly idealTree ├─┬ socket.io-client@1.4.6
23 silly idealTree │ └── component-emitter@1.2.0
23 silly idealTree ├─┬ socket.io-parser@2.2.6
23 silly idealTree │ ├── isarray@0.0.1
23 silly idealTree │ └── json3@3.3.2
23 silly idealTree ├── socket.io@1.4.6
23 silly idealTree ├── sort-keys@1.1.2
23 silly idealTree ├── spdx-correct@1.0.2
23 silly idealTree ├── spdx-exceptions@1.0.5
23 silly idealTree ├── spdx-expression-parse@1.0.2
23 silly idealTree ├── spdx-license-ids@1.2.1
23 silly idealTree ├── statuses@1.3.0
23 silly idealTree ├── stream-throttle@0.1.3
23 silly idealTree ├── string_decoder@0.10.31
23 silly idealTree ├── string-template@1.0.0
23 silly idealTree ├─┬ string-width@1.0.1
23 silly idealTree │ ├── ansi-regex@2.0.0
23 silly idealTree │ └── strip-ansi@3.0.1
23 silly idealTree ├── stringstream@0.0.5
23 silly idealTree ├── strip-ansi@0.3.0
23 silly idealTree ├── strip-bom@2.0.0
23 silly idealTree ├── strip-json-comments@1.0.4
23 silly idealTree ├── supports-color@0.2.0
23 silly idealTree ├── symbol@0.2.3
23 silly idealTree ├── systemjs@0.19.27
23 silly idealTree ├─┬ tfunk@3.0.2
23 silly idealTree │ ├── ansi-regex@2.0.0
23 silly idealTree │ ├── ansi-styles@2.2.1
23 silly idealTree │ ├── chalk@1.1.3
23 silly idealTree │ ├── has-ansi@2.0.0
23 silly idealTree │ ├── strip-ansi@3.0.1
23 silly idealTree │ └── supports-color@2.0.0
23 silly idealTree ├── thenify@3.2.0
23 silly idealTree ├── throat@3.0.0
23 silly idealTree ├── throwback@1.1.1
23 silly idealTree ├── timed-out@2.0.0
23 silly idealTree ├── to-array@0.1.4
23 silly idealTree ├─┬ touch@1.0.0
23 silly idealTree │ └── nopt@1.0.10
23 silly idealTree ├── tough-cookie@2.2.2
23 silly idealTree ├── tunnel-agent@0.4.3
23 silly idealTree ├── typedarray@0.0.6
23 silly idealTree ├── typescript@1.8.10
23 silly idealTree ├─┬ typings-core@1.4.0
23 silly idealTree │ ├── minimist@0.0.8
23 silly idealTree │ ├── mkdirp@0.5.1
23 silly idealTree │ └── typescript@1.8.7
23 silly idealTree ├─┬ typings@1.3.2
23 silly idealTree │ ├── ansi-regex@2.0.0
23 silly idealTree │ ├── ansi-styles@2.2.1
23 silly idealTree │ ├── bluebird@3.4.1
23 silly idealTree │ ├── chalk@1.1.3
23 silly idealTree │ ├── has-ansi@2.0.0
23 silly idealTree │ ├── strip-ansi@3.0.1
23 silly idealTree │ └── supports-color@2.0.0
23 silly idealTree ├── ua-parser-js@0.7.10
23 silly idealTree ├── ultron@1.0.2
23 silly idealTree ├── unc-path-regex@0.1.2
23 silly idealTree ├── underscore@1.7.0
23 silly idealTree ├── unpipe@1.0.0
23 silly idealTree ├── unzip-response@1.0.0
23 silly idealTree ├─┬ update-notifier@1.0.2
23 silly idealTree │ ├── ansi-regex@2.0.0
23 silly idealTree │ ├── ansi-styles@2.2.1
23 silly idealTree │ ├── chalk@1.1.3
23 silly idealTree │ ├── has-ansi@2.0.0
23 silly idealTree │ ├── strip-ansi@3.0.1
23 silly idealTree │ └── supports-color@2.0.0
23 silly idealTree ├── url-parse-lax@1.0.0
23 silly idealTree ├── utf8@2.1.0
23 silly idealTree ├── util-deprecate@1.0.2
23 silly idealTree ├── utils-merge@1.0.0
23 silly idealTree ├── uuid@2.0.2
23 silly idealTree ├── validate-npm-package-license@3.0.1
23 silly idealTree ├── wcwidth@1.0.1
23 silly idealTree ├── weinre@2.0.0-pre-I0Z7U9OV
23 silly idealTree ├── when@3.7.7
23 silly idealTree ├── widest-line@1.0.0
23 silly idealTree ├── window-size@0.1.4
23 silly idealTree ├── wordwrap@1.0.0
23 silly idealTree ├── wrap-ansi@2.0.0
23 silly idealTree ├── wrappy@1.0.2
23 silly idealTree ├── write-file-atomic@1.1.4
23 silly idealTree ├── ws@1.0.1
23 silly idealTree ├── xdg-basedir@2.0.0
23 silly idealTree ├── xmlhttprequest-ssl@1.5.1
23 silly idealTree ├── xtend@4.0.1
23 silly idealTree ├── y18n@3.2.1
23 silly idealTree ├─┬ yargs-parser@2.4.1
23 silly idealTree │ └── camelcase@3.0.0
23 silly idealTree ├─┬ yargs@4.7.1
23 silly idealTree │ ├── camelcase@3.0.0
23 silly idealTree │ └── window-size@0.2.0
23 silly idealTree ├── yeast@0.1.2
23 silly idealTree ├── zip-object@0.1.0
23 silly idealTree └── zone.js@0.6.12
24 silly generateActionsToTake Starting
25 silly install generateActionsToTake
26 silly generateActionsToTake Finishing
27 silly diffTrees action count 0
28 silly decomposeActions action count 0
29 silly executeActions Starting
30 silly install executeActions
31 silly doSerial global-install 0
32 silly doParallel fetch 0
33 verbose correctMkdir /Users/paulcullenrowe/.npm/_locks correctMkdir not in flight; initializing
34 verbose lock using /Users/paulcullenrowe/.npm/_locks/staging-106d89909974f8e4.lock for /Users/paulcullenrowe/Dropbox/playground/learning/angular2/tour-of-heroes/node_modules/.staging
35 silly doParallel extract 0
36 silly doParallel preinstall 0
37 silly doReverseSerial remove 0
38 silly doSerial move 0
39 silly doSerial finalize 0
40 silly doSerial build 0
41 silly doSerial global-link 0
42 silly doParallel update-linked 0
43 silly doSerial install 0
44 silly doSerial postinstall 0
45 verbose unlock done using /Users/paulcullenrowe/.npm/_locks/staging-106d89909974f8e4.lock for /Users/paulcullenrowe/Dropbox/playground/learning/angular2/tour-of-heroes/node_modules/.staging
46 silly executeActions Finishing
47 silly rollbackFailedOptional Starting
48 silly rollbackFailedOptional Finishing
49 silly runTopLevelLifecycles Starting
50 silly install runTopLevelLifecycles
51 silly preinstall angular2-quickstart@1.0.0 /Users/paulcullenrowe/Dropbox/playground/learning/angular2/tour-of-heroes/angular2-quickstart-5e5e97d0
52 info lifecycle angular2-quickstart@1.0.0~preinstall: angular2-quickstart@1.0.0
53 silly lifecycle angular2-quickstart@1.0.0~preinstall: no script for preinstall, continuing
54 silly build angular2-quickstart@1.0.0
55 info linkStuff angular2-quickstart@1.0.0
56 silly linkStuff angular2-quickstart@1.0.0 has /Users/paulcullenrowe/Dropbox/playground/learning/angular2 as its parent node_modules
57 verbose linkBins angular2-quickstart@1.0.0
58 verbose linkMans angular2-quickstart@1.0.0
59 silly install angular2-quickstart@1.0.0 /Users/paulcullenrowe/Dropbox/playground/learning/angular2/tour-of-heroes/angular2-quickstart-5e5e97d0
60 info lifecycle angular2-quickstart@1.0.0~install: angular2-quickstart@1.0.0
61 silly lifecycle angular2-quickstart@1.0.0~install: no script for install, continuing
62 silly postinstall angular2-quickstart@1.0.0 /Users/paulcullenrowe/Dropbox/playground/learning/angular2/tour-of-heroes/angular2-quickstart-5e5e97d0
63 info lifecycle angular2-quickstart@1.0.0~postinstall: angular2-quickstart@1.0.0
64 verbose lifecycle angular2-quickstart@1.0.0~postinstall: unsafe-perm in lifecycle true
65 verbose lifecycle angular2-quickstart@1.0.0~postinstall: PATH: /usr/local/lib/node_modules/npm/bin/node-gyp-bin:/Users/paulcullenrowe/Dropbox/playground/learning/angular2/tour-of-heroes/node_modules/.bin:/usr/local/bin:/Users/paulcullenrowe/.rvm/gems/ruby-2.2.3/bin:/Users/paulcullenrowe/.rvm/gems/ruby-2.2.3@global/bin:/Users/paulcullenrowe/.rvm/rubies/ruby-2.2.3/bin:/usr/local/share/npm/bin:/usr/local/heroku/bin:/usr/local/bin:/usr/bin:/bin:/usr/sbin:/sbin:/Users/paulcullenrowe/.rvm/bin
66 verbose lifecycle angular2-quickstart@1.0.0~postinstall: CWD: /Users/paulcullenrowe/Dropbox/playground/learning/angular2/tour-of-heroes
67 silly lifecycle angular2-quickstart@1.0.0~postinstall: Args: [ '-c', 'typings install' ]
68 silly lifecycle angular2-quickstart@1.0.0~postinstall: Returned: code: 1  signal: null
69 info lifecycle angular2-quickstart@1.0.0~postinstall: Failed to exec postinstall script
70 warn angular2-quickstart@1.0.0 No description
71 warn angular2-quickstart@1.0.0 No repository field.
72 verbose stack Error: angular2-quickstart@1.0.0 postinstall: `typings install`
72 verbose stack Exit status 1
72 verbose stack     at EventEmitter.<anonymous> (/usr/local/lib/node_modules/npm/lib/utils/lifecycle.js:245:16)
72 verbose stack     at emitTwo (events.js:100:13)
72 verbose stack     at EventEmitter.emit (events.js:185:7)
72 verbose stack     at ChildProcess.<anonymous> (/usr/local/lib/node_modules/npm/lib/utils/spawn.js:24:14)
72 verbose stack     at emitTwo (events.js:100:13)
72 verbose stack     at ChildProcess.emit (events.js:185:7)
72 verbose stack     at maybeClose (internal/child_process.js:850:16)
72 verbose stack     at Process.ChildProcess._handle.onexit (internal/child_process.js:215:5)
73 verbose pkgid angular2-quickstart@1.0.0
74 verbose cwd /Users/paulcullenrowe/Dropbox/playground/learning/angular2/tour-of-heroes
75 error Darwin 15.5.0
76 error argv "/usr/local/bin/node" "/usr/local/bin/npm" "install"
77 error node v5.9.1
78 error npm  v3.9.6
79 error code ELIFECYCLE
80 error angular2-quickstart@1.0.0 postinstall: `typings install`
80 error Exit status 1
81 error Failed at the angular2-quickstart@1.0.0 postinstall script 'typings install'.
81 error Make sure you have the latest version of node.js and npm installed.
81 error If you do, this is most likely a problem with the angular2-quickstart package,
81 error not with npm itself.
81 error Tell the author that this fails on your system:
81 error     typings install
81 error You can get information on how to open an issue for this project with:
81 error     npm bugs angular2-quickstart
81 error Or if that isn't available, you can get their info via:
81 error     npm owner ls angular2-quickstart
81 error There is likely additional logging output above.
82 verbose exit [ 1, true ]
